2017-11-20 11:38:58 [org.springframework.web.context.ContextLoader]-[INFO] [localhost-startStop-1] (ContextLoader.java:307) ->Root WebApplicationContext: initialization started 
2017-11-20 11:38:58 [org.springframework.web.context.support.XmlWebApplicationContext]-[INFO] [localhost-startStop-1] (AbstractApplicationContext.java:578) ->Refreshing Root WebApplicationContext: startup date [Mon Nov 20 11:38:58 CST 2017]; root of context hierarchy 
2017-11-20 11:38:58 [org.springframework.beans.factory.xml.XmlBeanDefinitionReader]-[INFO] [localhost-startStop-1] (XmlBeanDefinitionReader.java:317) ->Loading XML bean definitions from class path resource [beans.xml] 
2017-11-20 11:38:59 [org.springframework.beans.factory.config.PropertiesFactoryBean]-[INFO] [localhost-startStop-1] (PropertiesLoaderSupport.java:172) ->Loading properties file from class path resource [MySQL.properties] 
2017-11-20 11:38:59 [com.mchange.v2.log.MLog]-[INFO] [MLog-Init-Reporter] (MLog.java:124) ->MLog clients using log4j logging. 
2017-11-20 11:38:59 [com.mchange.v2.c3p0.C3P0Registry]-[INFO] [localhost-startStop-1] (C3P0Registry.java:248) ->Initializing c3p0-0.9.5.1 [built 16-June-2015 00:06:36 -0700; debug? true; trace: 10] 
2017-11-20 11:39:00 [org.springframework.beans.factory.config.PropertiesFactoryBean]-[INFO] [localhost-startStop-1] (PropertiesLoaderSupport.java:172) ->Loading properties file from class path resource [public.properties] 
2017-11-20 11:39:00 [org.hibernate.annotations.common.Version]-[INFO] [localhost-startStop-1] (JavaReflectionManager.java:66) ->HCANN000001: Hibernate Commons Annotations {4.0.5.Final} 
2017-11-20 11:39:00 [org.hibernate.Version]-[INFO] [localhost-startStop-1] (Version.java:54) ->HHH000412: Hibernate Core {4.3.11.Final} 
2017-11-20 11:39:00 [org.hibernate.cfg.Environment]-[INFO] [localhost-startStop-1] (Environment.java:239) ->HHH000206: hibernate.properties not found 
2017-11-20 11:39:00 [org.hibernate.cfg.Environment]-[INFO] [localhost-startStop-1] (Environment.java:346) ->HHH000021: Bytecode provider name : javassist 
2017-11-20 11:39:00 [org.hibernate.cfg.Configuration]-[INFO] [localhost-startStop-1] (Configuration.java:2111) ->HHH000044: Configuring from URL: file:/F:/apache-tomcat-7.0.77/webapps/channel/WEB-INF/classes/hibernate.cfg.xml 
2017-11-20 11:39:00 [org.hibernate.cfg.Configuration]-[INFO] [localhost-startStop-1] (Configuration.java:2216) ->HHH000041: Configured SessionFactory: null 
2017-11-20 11:39:00 [com.mchange.v2.c3p0.impl.AbstractPoolBackedDataSource]-[INFO] [localhost-startStop-1] (AbstractPoolBackedDataSource.java:527) ->Initializing c3p0 pool... com.mchange.v2.c3p0.ComboPooledDataSource [ acquireIncrement -> 3, acquireRetryAttempts -> 30, acquireRetryDelay -> 1000, autoCommitOnClose -> false, automaticTestTable -> null, breakAfterAcquireFailure -> false, checkoutTimeout -> 0, connectionCustomizerClassName -> null, connectionTesterClassName -> com.mchange.v2.c3p0.impl.DefaultConnectionTester, contextClassLoaderSource -> caller, dataSourceName -> 1hgery99r1nsn9bk6cn1y2|146845d, debugUnreturnedConnectionStackTraces -> false, description -> null, driverClass -> com.mysql.jdbc.Driver, extensions -> {}, factoryClassLocation -> null, forceIgnoreUnresolvedTransactions -> false, forceSynchronousCheckins -> false, forceUseNamedDriverClass -> false, identityToken -> 1hgery99r1nsn9bk6cn1y2|146845d, idleConnectionTestPeriod -> 0, initialPoolSize -> 3, jdbcUrl -> jdbc:mysql://localhost:3306/access, maxAdministrativeTaskTime -> 0, maxConnectionAge -> 0, maxIdleTime -> 0, maxIdleTimeExcessConnections -> 0, maxPoolSize -> 15, maxStatements -> 0, maxStatementsPerConnection -> 0, minPoolSize -> 3, numHelperThreads -> 3, preferredTestQuery -> null, privilegeSpawnedThreads -> false, properties -> {user=******, password=******}, propertyCycle -> 0, statementCacheNumDeferredCloseThreads -> 0, testConnectionOnCheckin -> false, testConnectionOnCheckout -> false, unreturnedConnectionTimeout -> 0, userOverrides -> {}, usesTraditionalReflectiveProxies -> false ] 
2017-11-20 11:39:00 [org.hibernate.dialect.Dialect]-[INFO] [localhost-startStop-1] (Dialect.java:145) ->HHH000400: Using dialect: org.hibernate.dialect.MySQLDialect 
2017-11-20 11:39:01 [org.hibernate.engine.transaction.internal.TransactionFactoryInitiator]-[INFO] [localhost-startStop-1] (TransactionFactoryInitiator.java:62) ->HHH000399: Using default transaction strategy (direct JDBC transactions) 
2017-11-20 11:39:01 [org.hibernate.hql.internal.ast.ASTQueryTranslatorFactory]-[INFO] [localhost-startStop-1] (ASTQueryTranslatorFactory.java:47) ->HHH000397: Using ASTQueryTranslatorFactory 
2017-11-20 11:39:01 [org.springframework.orm.hibernate4.HibernateTransactionManager]-[INFO] [localhost-startStop-1] (HibernateTransactionManager.java:360) ->Using DataSource [com.mchange.v2.c3p0.ComboPooledDataSource[ identityToken -> 1hgery99r1nsn9bk6cn1y2|146845d, dataSourceName -> 1hgery99r1nsn9bk6cn1y2|146845d ]] of Hibernate SessionFactory for HibernateTransactionManager 
2017-11-20 11:39:02 [org.springframework.web.context.ContextLoader]-[INFO] [localhost-startStop-1] (ContextLoader.java:347) ->Root WebApplicationContext: initialization completed in 4356 ms 
2017-11-20 11:39:02 [com.opensymphony.xwork2.config.providers.XmlConfigurationProvider]-[INFO] [localhost-startStop-1] (CommonsLogger.java:46) ->Parsing configuration file [struts-default.xml] 
2017-11-20 11:39:02 [com.opensymphony.xwork2.config.providers.XmlConfigurationProvider]-[INFO] [localhost-startStop-1] (CommonsLogger.java:46) ->Parsing configuration file [struts-plugin.xml] 
2017-11-20 11:39:02 [com.opensymphony.xwork2.config.providers.XmlConfigurationProvider]-[INFO] [localhost-startStop-1] (CommonsLogger.java:46) ->Parsing configuration file [struts.xml] 
2017-11-20 11:39:02 [org.apache.struts2.config.AbstractBeanSelectionProvider]-[INFO] [localhost-startStop-1] (CommonsLogger.java:46) ->Choosing bean (spring) for (com.opensymphony.xwork2.ObjectFactory) 
2017-11-20 11:39:02 [org.apache.struts2.config.AbstractBeanSelectionProvider]-[INFO] [localhost-startStop-1] (CommonsLogger.java:46) ->Choosing bean (struts) for (com.opensymphony.xwork2.factory.ActionFactory) 
2017-11-20 11:39:02 [org.apache.struts2.config.AbstractBeanSelectionProvider]-[INFO] [localhost-startStop-1] (CommonsLogger.java:46) ->Choosing bean (struts) for (com.opensymphony.xwork2.factory.ResultFactory) 
2017-11-20 11:39:02 [org.apache.struts2.config.AbstractBeanSelectionProvider]-[INFO] [localhost-startStop-1] (CommonsLogger.java:46) ->Choosing bean (struts) for (com.opensymphony.xwork2.factory.ConverterFactory) 
2017-11-20 11:39:02 [org.apache.struts2.config.AbstractBeanSelectionProvider]-[INFO] [localhost-startStop-1] (CommonsLogger.java:46) ->Choosing bean (struts) for (com.opensymphony.xwork2.factory.InterceptorFactory) 
2017-11-20 11:39:02 [org.apache.struts2.config.AbstractBeanSelectionProvider]-[INFO] [localhost-startStop-1] (CommonsLogger.java:46) ->Choosing bean (struts) for (com.opensymphony.xwork2.factory.ValidatorFactory) 
2017-11-20 11:39:02 [org.apache.struts2.config.AbstractBeanSelectionProvider]-[INFO] [localhost-startStop-1] (CommonsLogger.java:46) ->Choosing bean (struts) for (com.opensymphony.xwork2.factory.UnknownHandlerFactory) 
2017-11-20 11:39:02 [org.apache.struts2.config.AbstractBeanSelectionProvider]-[INFO] [localhost-startStop-1] (CommonsLogger.java:46) ->Choosing bean (struts) for (com.opensymphony.xwork2.FileManagerFactory) 
2017-11-20 11:39:02 [org.apache.struts2.config.AbstractBeanSelectionProvider]-[INFO] [localhost-startStop-1] (CommonsLogger.java:46) ->Choosing bean (struts) for (com.opensymphony.xwork2.conversion.impl.XWorkConverter) 
2017-11-20 11:39:02 [org.apache.struts2.config.AbstractBeanSelectionProvider]-[INFO] [localhost-startStop-1] (CommonsLogger.java:46) ->Choosing bean (struts) for (com.opensymphony.xwork2.conversion.impl.CollectionConverter) 
2017-11-20 11:39:02 [org.apache.struts2.config.AbstractBeanSelectionProvider]-[INFO] [localhost-startStop-1] (CommonsLogger.java:46) ->Choosing bean (struts) for (com.opensymphony.xwork2.conversion.impl.ArrayConverter) 
2017-11-20 11:39:02 [org.apache.struts2.config.AbstractBeanSelectionProvider]-[INFO] [localhost-startStop-1] (CommonsLogger.java:46) ->Choosing bean (struts) for (com.opensymphony.xwork2.conversion.impl.DateConverter) 
2017-11-20 11:39:02 [org.apache.struts2.config.AbstractBeanSelectionProvider]-[INFO] [localhost-startStop-1] (CommonsLogger.java:46) ->Choosing bean (struts) for (com.opensymphony.xwork2.conversion.impl.NumberConverter) 
2017-11-20 11:39:02 [org.apache.struts2.config.AbstractBeanSelectionProvider]-[INFO] [localhost-startStop-1] (CommonsLogger.java:46) ->Choosing bean (struts) for (com.opensymphony.xwork2.conversion.impl.StringConverter) 
2017-11-20 11:39:02 [org.apache.struts2.config.AbstractBeanSelectionProvider]-[INFO] [localhost-startStop-1] (CommonsLogger.java:46) ->Choosing bean (struts) for (com.opensymphony.xwork2.conversion.ConversionPropertiesProcessor) 
2017-11-20 11:39:02 [org.apache.struts2.config.AbstractBeanSelectionProvider]-[INFO] [localhost-startStop-1] (CommonsLogger.java:46) ->Choosing bean (struts) for (com.opensymphony.xwork2.conversion.ConversionFileProcessor) 
2017-11-20 11:39:02 [org.apache.struts2.config.AbstractBeanSelectionProvider]-[INFO] [localhost-startStop-1] (CommonsLogger.java:46) ->Choosing bean (struts) for (com.opensymphony.xwork2.conversion.ConversionAnnotationProcessor) 
2017-11-20 11:39:02 [org.apache.struts2.config.AbstractBeanSelectionProvider]-[INFO] [localhost-startStop-1] (CommonsLogger.java:46) ->Choosing bean (struts) for (com.opensymphony.xwork2.conversion.TypeConverterCreator) 
2017-11-20 11:39:02 [org.apache.struts2.config.AbstractBeanSelectionProvider]-[INFO] [localhost-startStop-1] (CommonsLogger.java:46) ->Choosing bean (struts) for (com.opensymphony.xwork2.conversion.TypeConverterHolder) 
2017-11-20 11:39:02 [org.apache.struts2.config.AbstractBeanSelectionProvider]-[INFO] [localhost-startStop-1] (CommonsLogger.java:46) ->Choosing bean (struts) for (com.opensymphony.xwork2.TextProvider) 
2017-11-20 11:39:02 [org.apache.struts2.config.AbstractBeanSelectionProvider]-[INFO] [localhost-startStop-1] (CommonsLogger.java:46) ->Choosing bean (struts) for (com.opensymphony.xwork2.LocaleProvider) 
2017-11-20 11:39:02 [org.apache.struts2.config.AbstractBeanSelectionProvider]-[INFO] [localhost-startStop-1] (CommonsLogger.java:46) ->Choosing bean (struts) for (com.opensymphony.xwork2.ActionProxyFactory) 
2017-11-20 11:39:02 [org.apache.struts2.config.AbstractBeanSelectionProvider]-[INFO] [localhost-startStop-1] (CommonsLogger.java:46) ->Choosing bean (struts) for (com.opensymphony.xwork2.conversion.ObjectTypeDeterminer) 
2017-11-20 11:39:02 [org.apache.struts2.config.AbstractBeanSelectionProvider]-[INFO] [localhost-startStop-1] (CommonsLogger.java:46) ->Choosing bean (struts) for (org.apache.struts2.dispatcher.mapper.ActionMapper) 
2017-11-20 11:39:02 [org.apache.struts2.config.AbstractBeanSelectionProvider]-[INFO] [localhost-startStop-1] (CommonsLogger.java:46) ->Choosing bean (jakarta) for (org.apache.struts2.dispatcher.multipart.MultiPartRequest) 
2017-11-20 11:39:02 [org.apache.struts2.config.AbstractBeanSelectionProvider]-[INFO] [localhost-startStop-1] (CommonsLogger.java:46) ->Choosing bean (struts) for (org.apache.struts2.views.freemarker.FreemarkerManager) 
2017-11-20 11:39:02 [org.apache.struts2.config.AbstractBeanSelectionProvider]-[INFO] [localhost-startStop-1] (CommonsLogger.java:46) ->Choosing bean (struts) for (org.apache.struts2.components.UrlRenderer) 
2017-11-20 11:39:02 [org.apache.struts2.config.AbstractBeanSelectionProvider]-[INFO] [localhost-startStop-1] (CommonsLogger.java:46) ->Choosing bean (struts) for (com.opensymphony.xwork2.validator.ActionValidatorManager) 
2017-11-20 11:39:02 [org.apache.struts2.config.AbstractBeanSelectionProvider]-[INFO] [localhost-startStop-1] (CommonsLogger.java:46) ->Choosing bean (struts) for (com.opensymphony.xwork2.util.ValueStackFactory) 
2017-11-20 11:39:02 [org.apache.struts2.config.AbstractBeanSelectionProvider]-[INFO] [localhost-startStop-1] (CommonsLogger.java:46) ->Choosing bean (struts) for (com.opensymphony.xwork2.util.reflection.ReflectionProvider) 
2017-11-20 11:39:02 [org.apache.struts2.config.AbstractBeanSelectionProvider]-[INFO] [localhost-startStop-1] (CommonsLogger.java:46) ->Choosing bean (struts) for (com.opensymphony.xwork2.util.reflection.ReflectionContextFactory) 
2017-11-20 11:39:02 [org.apache.struts2.config.AbstractBeanSelectionProvider]-[INFO] [localhost-startStop-1] (CommonsLogger.java:46) ->Choosing bean (struts) for (com.opensymphony.xwork2.util.PatternMatcher) 
2017-11-20 11:39:02 [org.apache.struts2.config.AbstractBeanSelectionProvider]-[INFO] [localhost-startStop-1] (CommonsLogger.java:46) ->Choosing bean (struts) for (org.apache.struts2.util.ContentTypeMatcher) 
2017-11-20 11:39:02 [org.apache.struts2.config.AbstractBeanSelectionProvider]-[INFO] [localhost-startStop-1] (CommonsLogger.java:46) ->Choosing bean (struts) for (org.apache.struts2.dispatcher.StaticContentLoader) 
2017-11-20 11:39:02 [org.apache.struts2.config.AbstractBeanSelectionProvider]-[INFO] [localhost-startStop-1] (CommonsLogger.java:46) ->Choosing bean (struts) for (com.opensymphony.xwork2.UnknownHandlerManager) 
2017-11-20 11:39:02 [org.apache.struts2.config.AbstractBeanSelectionProvider]-[INFO] [localhost-startStop-1] (CommonsLogger.java:46) ->Choosing bean (struts) for (org.apache.struts2.views.util.UrlHelper) 
2017-11-20 11:39:02 [org.apache.struts2.config.AbstractBeanSelectionProvider]-[INFO] [localhost-startStop-1] (CommonsLogger.java:46) ->Choosing bean (struts) for (com.opensymphony.xwork2.util.TextParser) 
2017-11-20 11:39:02 [org.apache.struts2.config.AbstractBeanSelectionProvider]-[INFO] [localhost-startStop-1] (CommonsLogger.java:46) ->Choosing bean (struts) for (org.apache.struts2.dispatcher.DispatcherErrorHandler) 
2017-11-20 11:39:02 [org.apache.struts2.config.AbstractBeanSelectionProvider]-[INFO] [localhost-startStop-1] (CommonsLogger.java:46) ->Choosing bean (struts) for (com.opensymphony.xwork2.security.ExcludedPatternsChecker) 
2017-11-20 11:39:02 [org.apache.struts2.config.AbstractBeanSelectionProvider]-[INFO] [localhost-startStop-1] (CommonsLogger.java:46) ->Choosing bean (struts) for (com.opensymphony.xwork2.security.AcceptedPatternsChecker) 
2017-11-20 11:39:02 [org.apache.struts2.spring.StrutsSpringObjectFactory]-[INFO] [localhost-startStop-1] (CommonsLogger.java:46) ->Initializing Struts-Spring integration... 
2017-11-20 11:39:02 [com.opensymphony.xwork2.spring.SpringObjectFactory]-[INFO] [localhost-startStop-1] (CommonsLogger.java:46) ->Setting autowire strategy to name 
2017-11-20 11:39:02 [org.apache.struts2.spring.StrutsSpringObjectFactory]-[INFO] [localhost-startStop-1] (CommonsLogger.java:46) ->... initialized Struts-Spring integration successfully 
2017-11-20 11:39:16 [org.apache.struts2.dispatcher.Dispatcher]-[WARN] [http-apr-80-exec-9] (CommonsLogger.java:68) ->Could not find action or result: /channel/undefined_loginValidate.action 
There is no Action mapped for namespace [/] and action name [undefined_loginValidate] associated with context path [/channel]. - [unknown location]
	at com.opensymphony.xwork2.DefaultActionProxy.prepare(DefaultActionProxy.java:185)
	at org.apache.struts2.impl.StrutsActionProxy.prepare(StrutsActionProxy.java:63)
	at org.apache.struts2.impl.StrutsActionProxyFactory.createActionProxy(StrutsActionProxyFactory.java:37)
	at com.opensymphony.xwork2.DefaultActionProxyFactory.createActionProxy(DefaultActionProxyFactory.java:58)
	at org.apache.struts2.dispatcher.Dispatcher.serviceAction(Dispatcher.java:554)
	at org.apache.struts2.dispatcher.ng.ExecuteOperations.executeAction(ExecuteOperations.java:81)
	at org.apache.struts2.dispatcher.ng.filter.StrutsPrepareAndExecuteFilter.doFilter(StrutsPrepareAndExecuteFilter.java:99)
	at org.apache.catalina.core.ApplicationFilterChain.internalDoFilter(ApplicationFilterChain.java:241)
	at org.apache.catalina.core.ApplicationFilterChain.doFilter(ApplicationFilterChain.java:208)
	at org.apache.catalina.core.StandardWrapperValve.invoke(StandardWrapperValve.java:218)
	at org.apache.catalina.core.StandardContextValve.invoke(StandardContextValve.java:110)
	at org.apache.catalina.authenticator.AuthenticatorBase.invoke(AuthenticatorBase.java:506)
	at org.apache.catalina.core.StandardHostValve.invoke(StandardHostValve.java:169)
	at org.apache.catalina.valves.ErrorReportValve.invoke(ErrorReportValve.java:103)
	at org.apache.catalina.valves.AccessLogValve.invoke(AccessLogValve.java:962)
	at org.apache.catalina.core.StandardEngineValve.invoke(StandardEngineValve.java:116)
	at org.apache.catalina.connector.CoyoteAdapter.service(CoyoteAdapter.java:445)
	at org.apache.coyote.http11.AbstractHttp11Processor.process(AbstractHttp11Processor.java:1115)
	at org.apache.coyote.AbstractProtocol$AbstractConnectionHandler.process(AbstractProtocol.java:637)
	at org.apache.tomcat.util.net.AprEndpoint$SocketProcessor.doRun(AprEndpoint.java:2549)
	at org.apache.tomcat.util.net.AprEndpoint$SocketProcessor.run(AprEndpoint.java:2538)
	at java.util.concurrent.ThreadPoolExecutor.runWorker(ThreadPoolExecutor.java:1142)
	at java.util.concurrent.ThreadPoolExecutor$Worker.run(ThreadPoolExecutor.java:617)
	at org.apache.tomcat.util.threads.TaskThread$WrappingRunnable.run(TaskThread.java:61)
	at java.lang.Thread.run(Thread.java:745)
2017-11-20 12:18:31 [org.springframework.web.context.ContextLoader]-[INFO] [localhost-startStop-1] (ContextLoader.java:307) ->Root WebApplicationContext: initialization started 
2017-11-20 12:18:31 [org.springframework.web.context.support.XmlWebApplicationContext]-[INFO] [localhost-startStop-1] (AbstractApplicationContext.java:578) ->Refreshing Root WebApplicationContext: startup date [Mon Nov 20 12:18:31 CST 2017]; root of context hierarchy 
2017-11-20 12:18:31 [org.springframework.beans.factory.xml.XmlBeanDefinitionReader]-[INFO] [localhost-startStop-1] (XmlBeanDefinitionReader.java:317) ->Loading XML bean definitions from class path resource [beans.xml] 
2017-11-20 12:18:32 [org.springframework.beans.factory.config.PropertiesFactoryBean]-[INFO] [localhost-startStop-1] (PropertiesLoaderSupport.java:172) ->Loading properties file from class path resource [MySQL.properties] 
2017-11-20 12:18:32 [com.mchange.v2.log.MLog]-[INFO] [MLog-Init-Reporter] (MLog.java:124) ->MLog clients using log4j logging. 
2017-11-20 12:18:33 [com.mchange.v2.c3p0.C3P0Registry]-[INFO] [localhost-startStop-1] (C3P0Registry.java:248) ->Initializing c3p0-0.9.5.1 [built 16-June-2015 00:06:36 -0700; debug? true; trace: 10] 
2017-11-20 12:18:33 [org.springframework.beans.factory.config.PropertiesFactoryBean]-[INFO] [localhost-startStop-1] (PropertiesLoaderSupport.java:172) ->Loading properties file from class path resource [public.properties] 
2017-11-20 12:18:33 [org.hibernate.annotations.common.Version]-[INFO] [localhost-startStop-1] (JavaReflectionManager.java:66) ->HCANN000001: Hibernate Commons Annotations {4.0.5.Final} 
2017-11-20 12:18:33 [org.hibernate.Version]-[INFO] [localhost-startStop-1] (Version.java:54) ->HHH000412: Hibernate Core {4.3.11.Final} 
2017-11-20 12:18:33 [org.hibernate.cfg.Environment]-[INFO] [localhost-startStop-1] (Environment.java:239) ->HHH000206: hibernate.properties not found 
2017-11-20 12:18:33 [org.hibernate.cfg.Environment]-[INFO] [localhost-startStop-1] (Environment.java:346) ->HHH000021: Bytecode provider name : javassist 
2017-11-20 12:18:33 [org.hibernate.cfg.Configuration]-[INFO] [localhost-startStop-1] (Configuration.java:2111) ->HHH000044: Configuring from URL: file:/F:/apache-tomcat-7.0.77/webapps/channel/WEB-INF/classes/hibernate.cfg.xml 
2017-11-20 12:18:33 [org.hibernate.cfg.Configuration]-[INFO] [localhost-startStop-1] (Configuration.java:2216) ->HHH000041: Configured SessionFactory: null 
2017-11-20 12:18:33 [com.mchange.v2.c3p0.impl.AbstractPoolBackedDataSource]-[INFO] [localhost-startStop-1] (AbstractPoolBackedDataSource.java:527) ->Initializing c3p0 pool... com.mchange.v2.c3p0.ComboPooledDataSource [ acquireIncrement -> 3, acquireRetryAttempts -> 30, acquireRetryDelay -> 1000, autoCommitOnClose -> false, automaticTestTable -> null, breakAfterAcquireFailure -> false, checkoutTimeout -> 0, connectionCustomizerClassName -> null, connectionTesterClassName -> com.mchange.v2.c3p0.impl.DefaultConnectionTester, contextClassLoaderSource -> caller, dataSourceName -> 1hgery99r1nu24ib1mcwu49|24d0d7f, debugUnreturnedConnectionStackTraces -> false, description -> null, driverClass -> com.mysql.jdbc.Driver, extensions -> {}, factoryClassLocation -> null, forceIgnoreUnresolvedTransactions -> false, forceSynchronousCheckins -> false, forceUseNamedDriverClass -> false, identityToken -> 1hgery99r1nu24ib1mcwu49|24d0d7f, idleConnectionTestPeriod -> 0, initialPoolSize -> 3, jdbcUrl -> jdbc:mysql://localhost:3306/access, maxAdministrativeTaskTime -> 0, maxConnectionAge -> 0, maxIdleTime -> 0, maxIdleTimeExcessConnections -> 0, maxPoolSize -> 15, maxStatements -> 0, maxStatementsPerConnection -> 0, minPoolSize -> 3, numHelperThreads -> 3, preferredTestQuery -> null, privilegeSpawnedThreads -> false, properties -> {user=******, password=******}, propertyCycle -> 0, statementCacheNumDeferredCloseThreads -> 0, testConnectionOnCheckin -> false, testConnectionOnCheckout -> false, unreturnedConnectionTimeout -> 0, userOverrides -> {}, usesTraditionalReflectiveProxies -> false ] 
2017-11-20 12:19:32 [org.springframework.web.context.ContextLoader]-[INFO] [localhost-startStop-1] (ContextLoader.java:307) ->Root WebApplicationContext: initialization started 
2017-11-20 12:19:32 [org.springframework.web.context.support.XmlWebApplicationContext]-[INFO] [localhost-startStop-1] (AbstractApplicationContext.java:578) ->Refreshing Root WebApplicationContext: startup date [Mon Nov 20 12:19:32 CST 2017]; root of context hierarchy 
2017-11-20 12:19:32 [org.springframework.beans.factory.xml.XmlBeanDefinitionReader]-[INFO] [localhost-startStop-1] (XmlBeanDefinitionReader.java:317) ->Loading XML bean definitions from class path resource [beans.xml] 
2017-11-20 12:19:33 [org.springframework.beans.factory.config.PropertiesFactoryBean]-[INFO] [localhost-startStop-1] (PropertiesLoaderSupport.java:172) ->Loading properties file from class path resource [MySQL.properties] 
2017-11-20 12:19:33 [com.mchange.v2.log.MLog]-[INFO] [MLog-Init-Reporter] (MLog.java:124) ->MLog clients using log4j logging. 
2017-11-20 12:19:33 [com.mchange.v2.c3p0.C3P0Registry]-[INFO] [localhost-startStop-1] (C3P0Registry.java:248) ->Initializing c3p0-0.9.5.1 [built 16-June-2015 00:06:36 -0700; debug? true; trace: 10] 
2017-11-20 12:19:33 [org.springframework.beans.factory.config.PropertiesFactoryBean]-[INFO] [localhost-startStop-1] (PropertiesLoaderSupport.java:172) ->Loading properties file from class path resource [public.properties] 
2017-11-20 12:19:33 [org.hibernate.annotations.common.Version]-[INFO] [localhost-startStop-1] (JavaReflectionManager.java:66) ->HCANN000001: Hibernate Commons Annotations {4.0.5.Final} 
2017-11-20 12:19:33 [org.hibernate.Version]-[INFO] [localhost-startStop-1] (Version.java:54) ->HHH000412: Hibernate Core {4.3.11.Final} 
2017-11-20 12:19:33 [org.hibernate.cfg.Environment]-[INFO] [localhost-startStop-1] (Environment.java:239) ->HHH000206: hibernate.properties not found 
2017-11-20 12:19:33 [org.hibernate.cfg.Environment]-[INFO] [localhost-startStop-1] (Environment.java:346) ->HHH000021: Bytecode provider name : javassist 
2017-11-20 12:19:33 [org.hibernate.cfg.Configuration]-[INFO] [localhost-startStop-1] (Configuration.java:2111) ->HHH000044: Configuring from URL: file:/F:/apache-tomcat-7.0.77/webapps/channel/WEB-INF/classes/hibernate.cfg.xml 
2017-11-20 12:19:33 [org.hibernate.cfg.Configuration]-[INFO] [localhost-startStop-1] (Configuration.java:2216) ->HHH000041: Configured SessionFactory: null 
2017-11-20 12:19:33 [com.mchange.v2.c3p0.impl.AbstractPoolBackedDataSource]-[INFO] [localhost-startStop-1] (AbstractPoolBackedDataSource.java:527) ->Initializing c3p0 pool... com.mchange.v2.c3p0.ComboPooledDataSource [ acquireIncrement -> 3, acquireRetryAttempts -> 30, acquireRetryDelay -> 1000, autoCommitOnClose -> false, automaticTestTable -> null, breakAfterAcquireFailure -> false, checkoutTimeout -> 0, connectionCustomizerClassName -> null, connectionTesterClassName -> com.mchange.v2.c3p0.impl.DefaultConnectionTester, contextClassLoaderSource -> caller, dataSourceName -> 1hgery99r1nu3f2c11durw5|5aea9887, debugUnreturnedConnectionStackTraces -> false, description -> null, driverClass -> com.mysql.jdbc.Driver, extensions -> {}, factoryClassLocation -> null, forceIgnoreUnresolvedTransactions -> false, forceSynchronousCheckins -> false, forceUseNamedDriverClass -> false, identityToken -> 1hgery99r1nu3f2c11durw5|5aea9887, idleConnectionTestPeriod -> 0, initialPoolSize -> 3, jdbcUrl -> jdbc:mysql://localhost:3306/access, maxAdministrativeTaskTime -> 0, maxConnectionAge -> 0, maxIdleTime -> 0, maxIdleTimeExcessConnections -> 0, maxPoolSize -> 15, maxStatements -> 0, maxStatementsPerConnection -> 0, minPoolSize -> 3, numHelperThreads -> 3, preferredTestQuery -> null, privilegeSpawnedThreads -> false, properties -> {user=******, password=******}, propertyCycle -> 0, statementCacheNumDeferredCloseThreads -> 0, testConnectionOnCheckin -> false, testConnectionOnCheckout -> false, unreturnedConnectionTimeout -> 0, userOverrides -> {}, usesTraditionalReflectiveProxies -> false ] 
2017-11-20 12:19:34 [org.hibernate.dialect.Dialect]-[INFO] [localhost-startStop-1] (Dialect.java:145) ->HHH000400: Using dialect: org.hibernate.dialect.MySQLDialect 
2017-11-20 12:19:34 [org.hibernate.engine.transaction.internal.TransactionFactoryInitiator]-[INFO] [localhost-startStop-1] (TransactionFactoryInitiator.java:62) ->HHH000399: Using default transaction strategy (direct JDBC transactions) 
2017-11-20 12:19:34 [org.hibernate.hql.internal.ast.ASTQueryTranslatorFactory]-[INFO] [localhost-startStop-1] (ASTQueryTranslatorFactory.java:47) ->HHH000397: Using ASTQueryTranslatorFactory 
2017-11-20 12:19:35 [org.springframework.orm.hibernate4.HibernateTransactionManager]-[INFO] [localhost-startStop-1] (HibernateTransactionManager.java:360) ->Using DataSource [com.mchange.v2.c3p0.ComboPooledDataSource[ identityToken -> 1hgery99r1nu3f2c11durw5|5aea9887, dataSourceName -> 1hgery99r1nu3f2c11durw5|5aea9887 ]] of Hibernate SessionFactory for HibernateTransactionManager 
2017-11-20 12:19:36 [org.springframework.web.context.ContextLoader]-[INFO] [localhost-startStop-1] (ContextLoader.java:347) ->Root WebApplicationContext: initialization completed in 3752 ms 
2017-11-20 12:19:36 [com.opensymphony.xwork2.config.providers.XmlConfigurationProvider]-[INFO] [localhost-startStop-1] (CommonsLogger.java:46) ->Parsing configuration file [struts-default.xml] 
2017-11-20 12:19:36 [com.opensymphony.xwork2.config.providers.XmlConfigurationProvider]-[INFO] [localhost-startStop-1] (CommonsLogger.java:46) ->Parsing configuration file [struts-plugin.xml] 
2017-11-20 12:19:36 [com.opensymphony.xwork2.config.providers.XmlConfigurationProvider]-[INFO] [localhost-startStop-1] (CommonsLogger.java:46) ->Parsing configuration file [struts.xml] 
2017-11-20 12:19:36 [org.apache.struts2.config.AbstractBeanSelectionProvider]-[INFO] [localhost-startStop-1] (CommonsLogger.java:46) ->Choosing bean (spring) for (com.opensymphony.xwork2.ObjectFactory) 
2017-11-20 12:19:36 [org.apache.struts2.config.AbstractBeanSelectionProvider]-[INFO] [localhost-startStop-1] (CommonsLogger.java:46) ->Choosing bean (struts) for (com.opensymphony.xwork2.factory.ActionFactory) 
2017-11-20 12:19:36 [org.apache.struts2.config.AbstractBeanSelectionProvider]-[INFO] [localhost-startStop-1] (CommonsLogger.java:46) ->Choosing bean (struts) for (com.opensymphony.xwork2.factory.ResultFactory) 
2017-11-20 12:19:36 [org.apache.struts2.config.AbstractBeanSelectionProvider]-[INFO] [localhost-startStop-1] (CommonsLogger.java:46) ->Choosing bean (struts) for (com.opensymphony.xwork2.factory.ConverterFactory) 
2017-11-20 12:19:36 [org.apache.struts2.config.AbstractBeanSelectionProvider]-[INFO] [localhost-startStop-1] (CommonsLogger.java:46) ->Choosing bean (struts) for (com.opensymphony.xwork2.factory.InterceptorFactory) 
2017-11-20 12:19:36 [org.apache.struts2.config.AbstractBeanSelectionProvider]-[INFO] [localhost-startStop-1] (CommonsLogger.java:46) ->Choosing bean (struts) for (com.opensymphony.xwork2.factory.ValidatorFactory) 
2017-11-20 12:19:36 [org.apache.struts2.config.AbstractBeanSelectionProvider]-[INFO] [localhost-startStop-1] (CommonsLogger.java:46) ->Choosing bean (struts) for (com.opensymphony.xwork2.factory.UnknownHandlerFactory) 
2017-11-20 12:19:36 [org.apache.struts2.config.AbstractBeanSelectionProvider]-[INFO] [localhost-startStop-1] (CommonsLogger.java:46) ->Choosing bean (struts) for (com.opensymphony.xwork2.FileManagerFactory) 
2017-11-20 12:19:36 [org.apache.struts2.config.AbstractBeanSelectionProvider]-[INFO] [localhost-startStop-1] (CommonsLogger.java:46) ->Choosing bean (struts) for (com.opensymphony.xwork2.conversion.impl.XWorkConverter) 
2017-11-20 12:19:36 [org.apache.struts2.config.AbstractBeanSelectionProvider]-[INFO] [localhost-startStop-1] (CommonsLogger.java:46) ->Choosing bean (struts) for (com.opensymphony.xwork2.conversion.impl.CollectionConverter) 
2017-11-20 12:19:36 [org.apache.struts2.config.AbstractBeanSelectionProvider]-[INFO] [localhost-startStop-1] (CommonsLogger.java:46) ->Choosing bean (struts) for (com.opensymphony.xwork2.conversion.impl.ArrayConverter) 
2017-11-20 12:19:36 [org.apache.struts2.config.AbstractBeanSelectionProvider]-[INFO] [localhost-startStop-1] (CommonsLogger.java:46) ->Choosing bean (struts) for (com.opensymphony.xwork2.conversion.impl.DateConverter) 
2017-11-20 12:19:36 [org.apache.struts2.config.AbstractBeanSelectionProvider]-[INFO] [localhost-startStop-1] (CommonsLogger.java:46) ->Choosing bean (struts) for (com.opensymphony.xwork2.conversion.impl.NumberConverter) 
2017-11-20 12:19:36 [org.apache.struts2.config.AbstractBeanSelectionProvider]-[INFO] [localhost-startStop-1] (CommonsLogger.java:46) ->Choosing bean (struts) for (com.opensymphony.xwork2.conversion.impl.StringConverter) 
2017-11-20 12:19:36 [org.apache.struts2.config.AbstractBeanSelectionProvider]-[INFO] [localhost-startStop-1] (CommonsLogger.java:46) ->Choosing bean (struts) for (com.opensymphony.xwork2.conversion.ConversionPropertiesProcessor) 
2017-11-20 12:19:36 [org.apache.struts2.config.AbstractBeanSelectionProvider]-[INFO] [localhost-startStop-1] (CommonsLogger.java:46) ->Choosing bean (struts) for (com.opensymphony.xwork2.conversion.ConversionFileProcessor) 
2017-11-20 12:19:36 [org.apache.struts2.config.AbstractBeanSelectionProvider]-[INFO] [localhost-startStop-1] (CommonsLogger.java:46) ->Choosing bean (struts) for (com.opensymphony.xwork2.conversion.ConversionAnnotationProcessor) 
2017-11-20 12:19:36 [org.apache.struts2.config.AbstractBeanSelectionProvider]-[INFO] [localhost-startStop-1] (CommonsLogger.java:46) ->Choosing bean (struts) for (com.opensymphony.xwork2.conversion.TypeConverterCreator) 
2017-11-20 12:19:36 [org.apache.struts2.config.AbstractBeanSelectionProvider]-[INFO] [localhost-startStop-1] (CommonsLogger.java:46) ->Choosing bean (struts) for (com.opensymphony.xwork2.conversion.TypeConverterHolder) 
2017-11-20 12:19:36 [org.apache.struts2.config.AbstractBeanSelectionProvider]-[INFO] [localhost-startStop-1] (CommonsLogger.java:46) ->Choosing bean (struts) for (com.opensymphony.xwork2.TextProvider) 
2017-11-20 12:19:36 [org.apache.struts2.config.AbstractBeanSelectionProvider]-[INFO] [localhost-startStop-1] (CommonsLogger.java:46) ->Choosing bean (struts) for (com.opensymphony.xwork2.LocaleProvider) 
2017-11-20 12:19:36 [org.apache.struts2.config.AbstractBeanSelectionProvider]-[INFO] [localhost-startStop-1] (CommonsLogger.java:46) ->Choosing bean (struts) for (com.opensymphony.xwork2.ActionProxyFactory) 
2017-11-20 12:19:36 [org.apache.struts2.config.AbstractBeanSelectionProvider]-[INFO] [localhost-startStop-1] (CommonsLogger.java:46) ->Choosing bean (struts) for (com.opensymphony.xwork2.conversion.ObjectTypeDeterminer) 
2017-11-20 12:19:36 [org.apache.struts2.config.AbstractBeanSelectionProvider]-[INFO] [localhost-startStop-1] (CommonsLogger.java:46) ->Choosing bean (struts) for (org.apache.struts2.dispatcher.mapper.ActionMapper) 
2017-11-20 12:19:36 [org.apache.struts2.config.AbstractBeanSelectionProvider]-[INFO] [localhost-startStop-1] (CommonsLogger.java:46) ->Choosing bean (jakarta) for (org.apache.struts2.dispatcher.multipart.MultiPartRequest) 
2017-11-20 12:19:36 [org.apache.struts2.config.AbstractBeanSelectionProvider]-[INFO] [localhost-startStop-1] (CommonsLogger.java:46) ->Choosing bean (struts) for (org.apache.struts2.views.freemarker.FreemarkerManager) 
2017-11-20 12:19:36 [org.apache.struts2.config.AbstractBeanSelectionProvider]-[INFO] [localhost-startStop-1] (CommonsLogger.java:46) ->Choosing bean (struts) for (org.apache.struts2.components.UrlRenderer) 
2017-11-20 12:19:36 [org.apache.struts2.config.AbstractBeanSelectionProvider]-[INFO] [localhost-startStop-1] (CommonsLogger.java:46) ->Choosing bean (struts) for (com.opensymphony.xwork2.validator.ActionValidatorManager) 
2017-11-20 12:19:36 [org.apache.struts2.config.AbstractBeanSelectionProvider]-[INFO] [localhost-startStop-1] (CommonsLogger.java:46) ->Choosing bean (struts) for (com.opensymphony.xwork2.util.ValueStackFactory) 
2017-11-20 12:19:36 [org.apache.struts2.config.AbstractBeanSelectionProvider]-[INFO] [localhost-startStop-1] (CommonsLogger.java:46) ->Choosing bean (struts) for (com.opensymphony.xwork2.util.reflection.ReflectionProvider) 
2017-11-20 12:19:36 [org.apache.struts2.config.AbstractBeanSelectionProvider]-[INFO] [localhost-startStop-1] (CommonsLogger.java:46) ->Choosing bean (struts) for (com.opensymphony.xwork2.util.reflection.ReflectionContextFactory) 
2017-11-20 12:19:36 [org.apache.struts2.config.AbstractBeanSelectionProvider]-[INFO] [localhost-startStop-1] (CommonsLogger.java:46) ->Choosing bean (struts) for (com.opensymphony.xwork2.util.PatternMatcher) 
2017-11-20 12:19:36 [org.apache.struts2.config.AbstractBeanSelectionProvider]-[INFO] [localhost-startStop-1] (CommonsLogger.java:46) ->Choosing bean (struts) for (org.apache.struts2.util.ContentTypeMatcher) 
2017-11-20 12:19:36 [org.apache.struts2.config.AbstractBeanSelectionProvider]-[INFO] [localhost-startStop-1] (CommonsLogger.java:46) ->Choosing bean (struts) for (org.apache.struts2.dispatcher.StaticContentLoader) 
2017-11-20 12:19:36 [org.apache.struts2.config.AbstractBeanSelectionProvider]-[INFO] [localhost-startStop-1] (CommonsLogger.java:46) ->Choosing bean (struts) for (com.opensymphony.xwork2.UnknownHandlerManager) 
2017-11-20 12:19:36 [org.apache.struts2.config.AbstractBeanSelectionProvider]-[INFO] [localhost-startStop-1] (CommonsLogger.java:46) ->Choosing bean (struts) for (org.apache.struts2.views.util.UrlHelper) 
2017-11-20 12:19:36 [org.apache.struts2.config.AbstractBeanSelectionProvider]-[INFO] [localhost-startStop-1] (CommonsLogger.java:46) ->Choosing bean (struts) for (com.opensymphony.xwork2.util.TextParser) 
2017-11-20 12:19:36 [org.apache.struts2.config.AbstractBeanSelectionProvider]-[INFO] [localhost-startStop-1] (CommonsLogger.java:46) ->Choosing bean (struts) for (org.apache.struts2.dispatcher.DispatcherErrorHandler) 
2017-11-20 12:19:36 [org.apache.struts2.config.AbstractBeanSelectionProvider]-[INFO] [localhost-startStop-1] (CommonsLogger.java:46) ->Choosing bean (struts) for (com.opensymphony.xwork2.security.ExcludedPatternsChecker) 
2017-11-20 12:19:36 [org.apache.struts2.config.AbstractBeanSelectionProvider]-[INFO] [localhost-startStop-1] (CommonsLogger.java:46) ->Choosing bean (struts) for (com.opensymphony.xwork2.security.AcceptedPatternsChecker) 
2017-11-20 12:19:36 [org.apache.struts2.spring.StrutsSpringObjectFactory]-[INFO] [localhost-startStop-1] (CommonsLogger.java:46) ->Initializing Struts-Spring integration... 
2017-11-20 12:19:36 [com.opensymphony.xwork2.spring.SpringObjectFactory]-[INFO] [localhost-startStop-1] (CommonsLogger.java:46) ->Setting autowire strategy to name 
2017-11-20 12:19:36 [org.apache.struts2.spring.StrutsSpringObjectFactory]-[INFO] [localhost-startStop-1] (CommonsLogger.java:46) ->... initialized Struts-Spring integration successfully 
