2017-08-15 18:50:18 [org.springframework.web.context.ContextLoader]-[INFO] [localhost-startStop-1] (ContextLoader.java:307) ->Root WebApplicationContext: initialization started 
2017-08-15 18:50:18 [org.springframework.web.context.support.XmlWebApplicationContext]-[INFO] [localhost-startStop-1] (AbstractApplicationContext.java:578) ->Refreshing Root WebApplicationContext: startup date [Tue Aug 15 18:50:18 CST 2017]; root of context hierarchy 
2017-08-15 18:50:18 [org.springframework.beans.factory.xml.XmlBeanDefinitionReader]-[INFO] [localhost-startStop-1] (XmlBeanDefinitionReader.java:317) ->Loading XML bean definitions from class path resource [beans.xml] 
2017-08-15 18:50:19 [org.springframework.beans.factory.config.PropertiesFactoryBean]-[INFO] [localhost-startStop-1] (PropertiesLoaderSupport.java:172) ->Loading properties file from class path resource [MySQL.properties] 
2017-08-15 18:50:19 [com.mchange.v2.log.MLog]-[INFO] [MLog-Init-Reporter] (MLog.java:124) ->MLog clients using log4j logging. 
2017-08-15 18:50:19 [com.mchange.v2.c3p0.C3P0Registry]-[INFO] [localhost-startStop-1] (C3P0Registry.java:248) ->Initializing c3p0-0.9.5.1 [built 16-June-2015 00:06:36 -0700; debug? true; trace: 10] 
2017-08-15 18:50:20 [org.springframework.beans.factory.config.PropertiesFactoryBean]-[INFO] [localhost-startStop-1] (PropertiesLoaderSupport.java:172) ->Loading properties file from class path resource [public.properties] 
2017-08-15 18:50:20 [org.hibernate.annotations.common.Version]-[INFO] [localhost-startStop-1] (JavaReflectionManager.java:66) ->HCANN000001: Hibernate Commons Annotations {4.0.5.Final} 
2017-08-15 18:50:20 [org.hibernate.Version]-[INFO] [localhost-startStop-1] (Version.java:54) ->HHH000412: Hibernate Core {4.3.11.Final} 
2017-08-15 18:50:20 [org.hibernate.cfg.Environment]-[INFO] [localhost-startStop-1] (Environment.java:239) ->HHH000206: hibernate.properties not found 
2017-08-15 18:50:20 [org.hibernate.cfg.Environment]-[INFO] [localhost-startStop-1] (Environment.java:346) ->HHH000021: Bytecode provider name : javassist 
2017-08-15 18:50:20 [org.hibernate.cfg.Configuration]-[INFO] [localhost-startStop-1] (Configuration.java:2111) ->HHH000044: Configuring from URL: file:/F:/apache-tomcat-7.0.77/webapps/channel/WEB-INF/classes/hibernate.cfg.xml 
2017-08-15 18:50:20 [org.hibernate.cfg.Configuration]-[INFO] [localhost-startStop-1] (Configuration.java:2216) ->HHH000041: Configured SessionFactory: null 
2017-08-15 18:50:20 [com.mchange.v2.c3p0.impl.AbstractPoolBackedDataSource]-[INFO] [localhost-startStop-1] (AbstractPoolBackedDataSource.java:527) ->Initializing c3p0 pool... com.mchange.v2.c3p0.ComboPooledDataSource [ acquireIncrement -> 3, acquireRetryAttempts -> 30, acquireRetryDelay -> 1000, autoCommitOnClose -> false, automaticTestTable -> null, breakAfterAcquireFailure -> false, checkoutTimeout -> 0, connectionCustomizerClassName -> null, connectionTesterClassName -> com.mchange.v2.c3p0.impl.DefaultConnectionTester, contextClassLoaderSource -> caller, dataSourceName -> 1hge0z19p1rokft24jvl56|169250dc, debugUnreturnedConnectionStackTraces -> false, description -> null, driverClass -> com.mysql.jdbc.Driver, extensions -> {}, factoryClassLocation -> null, forceIgnoreUnresolvedTransactions -> false, forceSynchronousCheckins -> false, forceUseNamedDriverClass -> false, identityToken -> 1hge0z19p1rokft24jvl56|169250dc, idleConnectionTestPeriod -> 0, initialPoolSize -> 3, jdbcUrl -> jdbc:mysql://localhost:3306/access, maxAdministrativeTaskTime -> 0, maxConnectionAge -> 0, maxIdleTime -> 0, maxIdleTimeExcessConnections -> 0, maxPoolSize -> 15, maxStatements -> 0, maxStatementsPerConnection -> 0, minPoolSize -> 3, numHelperThreads -> 3, preferredTestQuery -> null, privilegeSpawnedThreads -> false, properties -> {user=******, password=******}, propertyCycle -> 0, statementCacheNumDeferredCloseThreads -> 0, testConnectionOnCheckin -> false, testConnectionOnCheckout -> false, unreturnedConnectionTimeout -> 0, userOverrides -> {}, usesTraditionalReflectiveProxies -> false ] 
2017-08-15 18:52:29 [org.springframework.web.context.ContextLoader]-[INFO] [localhost-startStop-1] (ContextLoader.java:307) ->Root WebApplicationContext: initialization started 
2017-08-15 18:52:29 [org.springframework.web.context.support.XmlWebApplicationContext]-[INFO] [localhost-startStop-1] (AbstractApplicationContext.java:578) ->Refreshing Root WebApplicationContext: startup date [Tue Aug 15 18:52:29 CST 2017]; root of context hierarchy 
2017-08-15 18:52:29 [org.springframework.beans.factory.xml.XmlBeanDefinitionReader]-[INFO] [localhost-startStop-1] (XmlBeanDefinitionReader.java:317) ->Loading XML bean definitions from class path resource [beans.xml] 
2017-08-15 18:52:30 [org.springframework.beans.factory.config.PropertiesFactoryBean]-[INFO] [localhost-startStop-1] (PropertiesLoaderSupport.java:172) ->Loading properties file from class path resource [MySQL.properties] 
2017-08-15 18:52:30 [com.mchange.v2.log.MLog]-[INFO] [MLog-Init-Reporter] (MLog.java:124) ->MLog clients using log4j logging. 
2017-08-15 18:52:30 [com.mchange.v2.c3p0.C3P0Registry]-[INFO] [localhost-startStop-1] (C3P0Registry.java:248) ->Initializing c3p0-0.9.5.1 [built 16-June-2015 00:06:36 -0700; debug? true; trace: 10] 
2017-08-15 18:52:30 [org.springframework.beans.factory.config.PropertiesFactoryBean]-[INFO] [localhost-startStop-1] (PropertiesLoaderSupport.java:172) ->Loading properties file from class path resource [public.properties] 
2017-08-15 18:52:30 [org.hibernate.annotations.common.Version]-[INFO] [localhost-startStop-1] (JavaReflectionManager.java:66) ->HCANN000001: Hibernate Commons Annotations {4.0.5.Final} 
2017-08-15 18:52:30 [org.hibernate.Version]-[INFO] [localhost-startStop-1] (Version.java:54) ->HHH000412: Hibernate Core {4.3.11.Final} 
2017-08-15 18:52:30 [org.hibernate.cfg.Environment]-[INFO] [localhost-startStop-1] (Environment.java:239) ->HHH000206: hibernate.properties not found 
2017-08-15 18:52:30 [org.hibernate.cfg.Environment]-[INFO] [localhost-startStop-1] (Environment.java:346) ->HHH000021: Bytecode provider name : javassist 
2017-08-15 18:52:30 [org.hibernate.cfg.Configuration]-[INFO] [localhost-startStop-1] (Configuration.java:2111) ->HHH000044: Configuring from URL: file:/F:/apache-tomcat-7.0.77/webapps/channel/WEB-INF/classes/hibernate.cfg.xml 
2017-08-15 18:52:30 [org.hibernate.cfg.Configuration]-[INFO] [localhost-startStop-1] (Configuration.java:2216) ->HHH000041: Configured SessionFactory: null 
2017-08-15 18:52:30 [com.mchange.v2.c3p0.impl.AbstractPoolBackedDataSource]-[INFO] [localhost-startStop-1] (AbstractPoolBackedDataSource.java:527) ->Initializing c3p0 pool... com.mchange.v2.c3p0.ComboPooledDataSource [ acquireIncrement -> 3, acquireRetryAttempts -> 30, acquireRetryDelay -> 1000, autoCommitOnClose -> false, automaticTestTable -> null, breakAfterAcquireFailure -> false, checkoutTimeout -> 0, connectionCustomizerClassName -> null, connectionTesterClassName -> com.mchange.v2.c3p0.impl.DefaultConnectionTester, contextClassLoaderSource -> caller, dataSourceName -> 1hge0z19p1ron8kb17sex4k|69aa7641, debugUnreturnedConnectionStackTraces -> false, description -> null, driverClass -> com.mysql.jdbc.Driver, extensions -> {}, factoryClassLocation -> null, forceIgnoreUnresolvedTransactions -> false, forceSynchronousCheckins -> false, forceUseNamedDriverClass -> false, identityToken -> 1hge0z19p1ron8kb17sex4k|69aa7641, idleConnectionTestPeriod -> 0, initialPoolSize -> 3, jdbcUrl -> jdbc:mysql://localhost:3306/access, maxAdministrativeTaskTime -> 0, maxConnectionAge -> 0, maxIdleTime -> 0, maxIdleTimeExcessConnections -> 0, maxPoolSize -> 15, maxStatements -> 0, maxStatementsPerConnection -> 0, minPoolSize -> 3, numHelperThreads -> 3, preferredTestQuery -> null, privilegeSpawnedThreads -> false, properties -> {user=******, password=******}, propertyCycle -> 0, statementCacheNumDeferredCloseThreads -> 0, testConnectionOnCheckin -> false, testConnectionOnCheckout -> false, unreturnedConnectionTimeout -> 0, userOverrides -> {}, usesTraditionalReflectiveProxies -> false ] 
