2017-09-13 16:50:56 [org.springframework.web.context.ContextLoader]-[INFO] [localhost-startStop-1] (ContextLoader.java:307) ->Root WebApplicationContext: initialization started 
2017-09-13 16:50:56 [org.springframework.web.context.support.XmlWebApplicationContext]-[INFO] [localhost-startStop-1] (AbstractApplicationContext.java:578) ->Refreshing Root WebApplicationContext: startup date [Wed Sep 13 16:50:56 CST 2017]; root of context hierarchy 
2017-09-13 16:50:56 [org.springframework.beans.factory.xml.XmlBeanDefinitionReader]-[INFO] [localhost-startStop-1] (XmlBeanDefinitionReader.java:317) ->Loading XML bean definitions from class path resource [beans.xml] 
2017-09-13 16:50:57 [org.springframework.beans.factory.config.PropertiesFactoryBean]-[INFO] [localhost-startStop-1] (PropertiesLoaderSupport.java:172) ->Loading properties file from class path resource [MySQL.properties] 
2017-09-13 16:50:57 [com.mchange.v2.log.MLog]-[INFO] [MLog-Init-Reporter] (MLog.java:124) ->MLog clients using log4j logging. 
2017-09-13 16:50:58 [com.mchange.v2.c3p0.C3P0Registry]-[INFO] [localhost-startStop-1] (C3P0Registry.java:248) ->Initializing c3p0-0.9.5.1 [built 16-June-2015 00:06:36 -0700; debug? true; trace: 10] 
2017-09-13 16:50:58 [org.springframework.beans.factory.config.PropertiesFactoryBean]-[INFO] [localhost-startStop-1] (PropertiesLoaderSupport.java:172) ->Loading properties file from class path resource [public.properties] 
2017-09-13 16:50:58 [org.hibernate.annotations.common.Version]-[INFO] [localhost-startStop-1] (JavaReflectionManager.java:66) ->HCANN000001: Hibernate Commons Annotations {4.0.5.Final} 
2017-09-13 16:50:58 [org.hibernate.Version]-[INFO] [localhost-startStop-1] (Version.java:54) ->HHH000412: Hibernate Core {4.3.11.Final} 
2017-09-13 16:50:58 [org.hibernate.cfg.Environment]-[INFO] [localhost-startStop-1] (Environment.java:239) ->HHH000206: hibernate.properties not found 
2017-09-13 16:50:58 [org.hibernate.cfg.Environment]-[INFO] [localhost-startStop-1] (Environment.java:346) ->HHH000021: Bytecode provider name : javassist 
2017-09-13 16:50:58 [org.hibernate.cfg.Configuration]-[INFO] [localhost-startStop-1] (Configuration.java:2111) ->HHH000044: Configuring from URL: file:/F:/apache-tomcat-7.0.77/webapps/channel/WEB-INF/classes/hibernate.cfg.xml 
2017-09-13 16:50:58 [org.hibernate.cfg.Configuration]-[INFO] [localhost-startStop-1] (Configuration.java:2216) ->HHH000041: Configured SessionFactory: null 
2017-09-13 16:50:59 [com.mchange.v2.c3p0.impl.AbstractPoolBackedDataSource]-[INFO] [localhost-startStop-1] (AbstractPoolBackedDataSource.java:527) ->Initializing c3p0 pool... com.mchange.v2.c3p0.ComboPooledDataSource [ acquireIncrement -> 3, acquireRetryAttempts -> 30, acquireRetryDelay -> 1000, autoCommitOnClose -> false, automaticTestTable -> null, breakAfterAcquireFailure -> false, checkoutTimeout -> 0, connectionCustomizerClassName -> null, connectionTesterClassName -> com.mchange.v2.c3p0.impl.DefaultConnectionTester, contextClassLoaderSource -> caller, dataSourceName -> 1hgevi99qxyyl311g07rz8|7138aae0, debugUnreturnedConnectionStackTraces -> false, description -> null, driverClass -> com.mysql.jdbc.Driver, extensions -> {}, factoryClassLocation -> null, forceIgnoreUnresolvedTransactions -> false, forceSynchronousCheckins -> false, forceUseNamedDriverClass -> false, identityToken -> 1hgevi99qxyyl311g07rz8|7138aae0, idleConnectionTestPeriod -> 0, initialPoolSize -> 3, jdbcUrl -> jdbc:mysql://localhost:3306/access, maxAdministrativeTaskTime -> 0, maxConnectionAge -> 0, maxIdleTime -> 0, maxIdleTimeExcessConnections -> 0, maxPoolSize -> 15, maxStatements -> 0, maxStatementsPerConnection -> 0, minPoolSize -> 3, numHelperThreads -> 3, preferredTestQuery -> null, privilegeSpawnedThreads -> false, properties -> {user=******, password=******}, propertyCycle -> 0, statementCacheNumDeferredCloseThreads -> 0, testConnectionOnCheckin -> false, testConnectionOnCheckout -> false, unreturnedConnectionTimeout -> 0, userOverrides -> {}, usesTraditionalReflectiveProxies -> false ] 
2017-09-13 16:50:59 [org.hibernate.dialect.Dialect]-[INFO] [localhost-startStop-1] (Dialect.java:145) ->HHH000400: Using dialect: org.hibernate.dialect.MySQLDialect 
2017-09-13 16:51:00 [org.hibernate.engine.transaction.internal.TransactionFactoryInitiator]-[INFO] [localhost-startStop-1] (TransactionFactoryInitiator.java:62) ->HHH000399: Using default transaction strategy (direct JDBC transactions) 
2017-09-13 16:51:00 [org.hibernate.hql.internal.ast.ASTQueryTranslatorFactory]-[INFO] [localhost-startStop-1] (ASTQueryTranslatorFactory.java:47) ->HHH000397: Using ASTQueryTranslatorFactory 
2017-09-13 16:51:00 [org.springframework.orm.hibernate4.HibernateTransactionManager]-[INFO] [localhost-startStop-1] (HibernateTransactionManager.java:360) ->Using DataSource [com.mchange.v2.c3p0.ComboPooledDataSource[ identityToken -> 1hgevi99qxyyl311g07rz8|7138aae0, dataSourceName -> 1hgevi99qxyyl311g07rz8|7138aae0 ]] of Hibernate SessionFactory for HibernateTransactionManager 
2017-09-13 16:51:02 [org.springframework.web.context.ContextLoader]-[INFO] [localhost-startStop-1] (ContextLoader.java:347) ->Root WebApplicationContext: initialization completed in 5643 ms 
2017-09-13 16:51:02 [com.opensymphony.xwork2.config.providers.XmlConfigurationProvider]-[INFO] [localhost-startStop-1] (CommonsLogger.java:46) ->Parsing configuration file [struts-default.xml] 
2017-09-13 16:51:02 [com.opensymphony.xwork2.config.providers.XmlConfigurationProvider]-[INFO] [localhost-startStop-1] (CommonsLogger.java:46) ->Parsing configuration file [struts-plugin.xml] 
2017-09-13 16:51:02 [com.opensymphony.xwork2.config.providers.XmlConfigurationProvider]-[INFO] [localhost-startStop-1] (CommonsLogger.java:46) ->Parsing configuration file [struts.xml] 
2017-09-13 16:51:02 [org.apache.struts2.config.AbstractBeanSelectionProvider]-[INFO] [localhost-startStop-1] (CommonsLogger.java:46) ->Choosing bean (spring) for (com.opensymphony.xwork2.ObjectFactory) 
2017-09-13 16:51:02 [org.apache.struts2.config.AbstractBeanSelectionProvider]-[INFO] [localhost-startStop-1] (CommonsLogger.java:46) ->Choosing bean (struts) for (com.opensymphony.xwork2.factory.ActionFactory) 
2017-09-13 16:51:02 [org.apache.struts2.config.AbstractBeanSelectionProvider]-[INFO] [localhost-startStop-1] (CommonsLogger.java:46) ->Choosing bean (struts) for (com.opensymphony.xwork2.factory.ResultFactory) 
2017-09-13 16:51:02 [org.apache.struts2.config.AbstractBeanSelectionProvider]-[INFO] [localhost-startStop-1] (CommonsLogger.java:46) ->Choosing bean (struts) for (com.opensymphony.xwork2.factory.ConverterFactory) 
2017-09-13 16:51:02 [org.apache.struts2.config.AbstractBeanSelectionProvider]-[INFO] [localhost-startStop-1] (CommonsLogger.java:46) ->Choosing bean (struts) for (com.opensymphony.xwork2.factory.InterceptorFactory) 
2017-09-13 16:51:02 [org.apache.struts2.config.AbstractBeanSelectionProvider]-[INFO] [localhost-startStop-1] (CommonsLogger.java:46) ->Choosing bean (struts) for (com.opensymphony.xwork2.factory.ValidatorFactory) 
2017-09-13 16:51:02 [org.apache.struts2.config.AbstractBeanSelectionProvider]-[INFO] [localhost-startStop-1] (CommonsLogger.java:46) ->Choosing bean (struts) for (com.opensymphony.xwork2.factory.UnknownHandlerFactory) 
2017-09-13 16:51:02 [org.apache.struts2.config.AbstractBeanSelectionProvider]-[INFO] [localhost-startStop-1] (CommonsLogger.java:46) ->Choosing bean (struts) for (com.opensymphony.xwork2.FileManagerFactory) 
2017-09-13 16:51:02 [org.apache.struts2.config.AbstractBeanSelectionProvider]-[INFO] [localhost-startStop-1] (CommonsLogger.java:46) ->Choosing bean (struts) for (com.opensymphony.xwork2.conversion.impl.XWorkConverter) 
2017-09-13 16:51:02 [org.apache.struts2.config.AbstractBeanSelectionProvider]-[INFO] [localhost-startStop-1] (CommonsLogger.java:46) ->Choosing bean (struts) for (com.opensymphony.xwork2.conversion.impl.CollectionConverter) 
2017-09-13 16:51:02 [org.apache.struts2.config.AbstractBeanSelectionProvider]-[INFO] [localhost-startStop-1] (CommonsLogger.java:46) ->Choosing bean (struts) for (com.opensymphony.xwork2.conversion.impl.ArrayConverter) 
2017-09-13 16:51:02 [org.apache.struts2.config.AbstractBeanSelectionProvider]-[INFO] [localhost-startStop-1] (CommonsLogger.java:46) ->Choosing bean (struts) for (com.opensymphony.xwork2.conversion.impl.DateConverter) 
2017-09-13 16:51:02 [org.apache.struts2.config.AbstractBeanSelectionProvider]-[INFO] [localhost-startStop-1] (CommonsLogger.java:46) ->Choosing bean (struts) for (com.opensymphony.xwork2.conversion.impl.NumberConverter) 
2017-09-13 16:51:02 [org.apache.struts2.config.AbstractBeanSelectionProvider]-[INFO] [localhost-startStop-1] (CommonsLogger.java:46) ->Choosing bean (struts) for (com.opensymphony.xwork2.conversion.impl.StringConverter) 
2017-09-13 16:51:02 [org.apache.struts2.config.AbstractBeanSelectionProvider]-[INFO] [localhost-startStop-1] (CommonsLogger.java:46) ->Choosing bean (struts) for (com.opensymphony.xwork2.conversion.ConversionPropertiesProcessor) 
2017-09-13 16:51:02 [org.apache.struts2.config.AbstractBeanSelectionProvider]-[INFO] [localhost-startStop-1] (CommonsLogger.java:46) ->Choosing bean (struts) for (com.opensymphony.xwork2.conversion.ConversionFileProcessor) 
2017-09-13 16:51:02 [org.apache.struts2.config.AbstractBeanSelectionProvider]-[INFO] [localhost-startStop-1] (CommonsLogger.java:46) ->Choosing bean (struts) for (com.opensymphony.xwork2.conversion.ConversionAnnotationProcessor) 
2017-09-13 16:51:02 [org.apache.struts2.config.AbstractBeanSelectionProvider]-[INFO] [localhost-startStop-1] (CommonsLogger.java:46) ->Choosing bean (struts) for (com.opensymphony.xwork2.conversion.TypeConverterCreator) 
2017-09-13 16:51:02 [org.apache.struts2.config.AbstractBeanSelectionProvider]-[INFO] [localhost-startStop-1] (CommonsLogger.java:46) ->Choosing bean (struts) for (com.opensymphony.xwork2.conversion.TypeConverterHolder) 
2017-09-13 16:51:02 [org.apache.struts2.config.AbstractBeanSelectionProvider]-[INFO] [localhost-startStop-1] (CommonsLogger.java:46) ->Choosing bean (struts) for (com.opensymphony.xwork2.TextProvider) 
2017-09-13 16:51:02 [org.apache.struts2.config.AbstractBeanSelectionProvider]-[INFO] [localhost-startStop-1] (CommonsLogger.java:46) ->Choosing bean (struts) for (com.opensymphony.xwork2.LocaleProvider) 
2017-09-13 16:51:02 [org.apache.struts2.config.AbstractBeanSelectionProvider]-[INFO] [localhost-startStop-1] (CommonsLogger.java:46) ->Choosing bean (struts) for (com.opensymphony.xwork2.ActionProxyFactory) 
2017-09-13 16:51:02 [org.apache.struts2.config.AbstractBeanSelectionProvider]-[INFO] [localhost-startStop-1] (CommonsLogger.java:46) ->Choosing bean (struts) for (com.opensymphony.xwork2.conversion.ObjectTypeDeterminer) 
2017-09-13 16:51:02 [org.apache.struts2.config.AbstractBeanSelectionProvider]-[INFO] [localhost-startStop-1] (CommonsLogger.java:46) ->Choosing bean (struts) for (org.apache.struts2.dispatcher.mapper.ActionMapper) 
2017-09-13 16:51:02 [org.apache.struts2.config.AbstractBeanSelectionProvider]-[INFO] [localhost-startStop-1] (CommonsLogger.java:46) ->Choosing bean (jakarta) for (org.apache.struts2.dispatcher.multipart.MultiPartRequest) 
2017-09-13 16:51:02 [org.apache.struts2.config.AbstractBeanSelectionProvider]-[INFO] [localhost-startStop-1] (CommonsLogger.java:46) ->Choosing bean (struts) for (org.apache.struts2.views.freemarker.FreemarkerManager) 
2017-09-13 16:51:02 [org.apache.struts2.config.AbstractBeanSelectionProvider]-[INFO] [localhost-startStop-1] (CommonsLogger.java:46) ->Choosing bean (struts) for (org.apache.struts2.components.UrlRenderer) 
2017-09-13 16:51:02 [org.apache.struts2.config.AbstractBeanSelectionProvider]-[INFO] [localhost-startStop-1] (CommonsLogger.java:46) ->Choosing bean (struts) for (com.opensymphony.xwork2.validator.ActionValidatorManager) 
2017-09-13 16:51:02 [org.apache.struts2.config.AbstractBeanSelectionProvider]-[INFO] [localhost-startStop-1] (CommonsLogger.java:46) ->Choosing bean (struts) for (com.opensymphony.xwork2.util.ValueStackFactory) 
2017-09-13 16:51:02 [org.apache.struts2.config.AbstractBeanSelectionProvider]-[INFO] [localhost-startStop-1] (CommonsLogger.java:46) ->Choosing bean (struts) for (com.opensymphony.xwork2.util.reflection.ReflectionProvider) 
2017-09-13 16:51:02 [org.apache.struts2.config.AbstractBeanSelectionProvider]-[INFO] [localhost-startStop-1] (CommonsLogger.java:46) ->Choosing bean (struts) for (com.opensymphony.xwork2.util.reflection.ReflectionContextFactory) 
2017-09-13 16:51:02 [org.apache.struts2.config.AbstractBeanSelectionProvider]-[INFO] [localhost-startStop-1] (CommonsLogger.java:46) ->Choosing bean (struts) for (com.opensymphony.xwork2.util.PatternMatcher) 
2017-09-13 16:51:02 [org.apache.struts2.config.AbstractBeanSelectionProvider]-[INFO] [localhost-startStop-1] (CommonsLogger.java:46) ->Choosing bean (struts) for (org.apache.struts2.util.ContentTypeMatcher) 
2017-09-13 16:51:02 [org.apache.struts2.config.AbstractBeanSelectionProvider]-[INFO] [localhost-startStop-1] (CommonsLogger.java:46) ->Choosing bean (struts) for (org.apache.struts2.dispatcher.StaticContentLoader) 
2017-09-13 16:51:02 [org.apache.struts2.config.AbstractBeanSelectionProvider]-[INFO] [localhost-startStop-1] (CommonsLogger.java:46) ->Choosing bean (struts) for (com.opensymphony.xwork2.UnknownHandlerManager) 
2017-09-13 16:51:02 [org.apache.struts2.config.AbstractBeanSelectionProvider]-[INFO] [localhost-startStop-1] (CommonsLogger.java:46) ->Choosing bean (struts) for (org.apache.struts2.views.util.UrlHelper) 
2017-09-13 16:51:02 [org.apache.struts2.config.AbstractBeanSelectionProvider]-[INFO] [localhost-startStop-1] (CommonsLogger.java:46) ->Choosing bean (struts) for (com.opensymphony.xwork2.util.TextParser) 
2017-09-13 16:51:02 [org.apache.struts2.config.AbstractBeanSelectionProvider]-[INFO] [localhost-startStop-1] (CommonsLogger.java:46) ->Choosing bean (struts) for (org.apache.struts2.dispatcher.DispatcherErrorHandler) 
2017-09-13 16:51:02 [org.apache.struts2.config.AbstractBeanSelectionProvider]-[INFO] [localhost-startStop-1] (CommonsLogger.java:46) ->Choosing bean (struts) for (com.opensymphony.xwork2.security.ExcludedPatternsChecker) 
2017-09-13 16:51:02 [org.apache.struts2.config.AbstractBeanSelectionProvider]-[INFO] [localhost-startStop-1] (CommonsLogger.java:46) ->Choosing bean (struts) for (com.opensymphony.xwork2.security.AcceptedPatternsChecker) 
2017-09-13 16:51:02 [org.apache.struts2.spring.StrutsSpringObjectFactory]-[INFO] [localhost-startStop-1] (CommonsLogger.java:46) ->Initializing Struts-Spring integration... 
2017-09-13 16:51:02 [com.opensymphony.xwork2.spring.SpringObjectFactory]-[INFO] [localhost-startStop-1] (CommonsLogger.java:46) ->Setting autowire strategy to name 
2017-09-13 16:51:02 [org.apache.struts2.spring.StrutsSpringObjectFactory]-[INFO] [localhost-startStop-1] (CommonsLogger.java:46) ->... initialized Struts-Spring integration successfully 
2017-09-13 21:08:09 [org.springframework.web.context.ContextLoader]-[INFO] [localhost-startStop-1] (ContextLoader.java:307) ->Root WebApplicationContext: initialization started 
2017-09-13 21:08:09 [org.springframework.web.context.support.XmlWebApplicationContext]-[INFO] [localhost-startStop-1] (AbstractApplicationContext.java:578) ->Refreshing Root WebApplicationContext: startup date [Wed Sep 13 21:08:09 CST 2017]; root of context hierarchy 
2017-09-13 21:08:09 [org.springframework.beans.factory.xml.XmlBeanDefinitionReader]-[INFO] [localhost-startStop-1] (XmlBeanDefinitionReader.java:317) ->Loading XML bean definitions from class path resource [beans.xml] 
2017-09-13 21:08:10 [org.springframework.beans.factory.config.PropertiesFactoryBean]-[INFO] [localhost-startStop-1] (PropertiesLoaderSupport.java:172) ->Loading properties file from class path resource [MySQL.properties] 
2017-09-13 21:08:10 [com.mchange.v2.log.MLog]-[INFO] [MLog-Init-Reporter] (MLog.java:124) ->MLog clients using log4j logging. 
2017-09-13 21:08:10 [com.mchange.v2.c3p0.C3P0Registry]-[INFO] [localhost-startStop-1] (C3P0Registry.java:248) ->Initializing c3p0-0.9.5.1 [built 16-June-2015 00:06:36 -0700; debug? true; trace: 10] 
2017-09-13 21:08:11 [org.springframework.beans.factory.config.PropertiesFactoryBean]-[INFO] [localhost-startStop-1] (PropertiesLoaderSupport.java:172) ->Loading properties file from class path resource [public.properties] 
2017-09-13 21:08:11 [org.hibernate.annotations.common.Version]-[INFO] [localhost-startStop-1] (JavaReflectionManager.java:66) ->HCANN000001: Hibernate Commons Annotations {4.0.5.Final} 
2017-09-13 21:08:11 [org.hibernate.Version]-[INFO] [localhost-startStop-1] (Version.java:54) ->HHH000412: Hibernate Core {4.3.11.Final} 
2017-09-13 21:08:11 [org.hibernate.cfg.Environment]-[INFO] [localhost-startStop-1] (Environment.java:239) ->HHH000206: hibernate.properties not found 
2017-09-13 21:08:11 [org.hibernate.cfg.Environment]-[INFO] [localhost-startStop-1] (Environment.java:346) ->HHH000021: Bytecode provider name : javassist 
2017-09-13 21:08:11 [org.hibernate.cfg.Configuration]-[INFO] [localhost-startStop-1] (Configuration.java:2111) ->HHH000044: Configuring from URL: file:/F:/apache-tomcat-7.0.77/webapps/channel/WEB-INF/classes/hibernate.cfg.xml 
2017-09-13 21:08:11 [org.hibernate.cfg.Configuration]-[INFO] [localhost-startStop-1] (Configuration.java:2216) ->HHH000041: Configured SessionFactory: null 
2017-09-13 21:08:12 [com.mchange.v2.c3p0.impl.AbstractPoolBackedDataSource]-[INFO] [localhost-startStop-1] (AbstractPoolBackedDataSource.java:527) ->Initializing c3p0 pool... com.mchange.v2.c3p0.ComboPooledDataSource [ acquireIncrement -> 3, acquireRetryAttempts -> 30, acquireRetryDelay -> 1000, autoCommitOnClose -> false, automaticTestTable -> null, breakAfterAcquireFailure -> false, checkoutTimeout -> 0, connectionCustomizerClassName -> null, connectionTesterClassName -> com.mchange.v2.c3p0.impl.DefaultConnectionTester, contextClassLoaderSource -> caller, dataSourceName -> 1hgevi99qy85d2c27gao1|6664f197, debugUnreturnedConnectionStackTraces -> false, description -> null, driverClass -> com.mysql.jdbc.Driver, extensions -> {}, factoryClassLocation -> null, forceIgnoreUnresolvedTransactions -> false, forceSynchronousCheckins -> false, forceUseNamedDriverClass -> false, identityToken -> 1hgevi99qy85d2c27gao1|6664f197, idleConnectionTestPeriod -> 0, initialPoolSize -> 3, jdbcUrl -> jdbc:mysql://localhost:3306/access, maxAdministrativeTaskTime -> 0, maxConnectionAge -> 0, maxIdleTime -> 0, maxIdleTimeExcessConnections -> 0, maxPoolSize -> 15, maxStatements -> 0, maxStatementsPerConnection -> 0, minPoolSize -> 3, numHelperThreads -> 3, preferredTestQuery -> null, privilegeSpawnedThreads -> false, properties -> {user=******, password=******}, propertyCycle -> 0, statementCacheNumDeferredCloseThreads -> 0, testConnectionOnCheckin -> false, testConnectionOnCheckout -> false, unreturnedConnectionTimeout -> 0, userOverrides -> {}, usesTraditionalReflectiveProxies -> false ] 
2017-09-13 21:08:12 [org.hibernate.dialect.Dialect]-[INFO] [localhost-startStop-1] (Dialect.java:145) ->HHH000400: Using dialect: org.hibernate.dialect.MySQLDialect 
2017-09-13 21:08:13 [org.hibernate.engine.transaction.internal.TransactionFactoryInitiator]-[INFO] [localhost-startStop-1] (TransactionFactoryInitiator.java:62) ->HHH000399: Using default transaction strategy (direct JDBC transactions) 
2017-09-13 21:08:13 [org.hibernate.hql.internal.ast.ASTQueryTranslatorFactory]-[INFO] [localhost-startStop-1] (ASTQueryTranslatorFactory.java:47) ->HHH000397: Using ASTQueryTranslatorFactory 
2017-09-13 21:08:14 [org.springframework.orm.hibernate4.HibernateTransactionManager]-[INFO] [localhost-startStop-1] (HibernateTransactionManager.java:360) ->Using DataSource [com.mchange.v2.c3p0.ComboPooledDataSource[ identityToken -> 1hgevi99qy85d2c27gao1|6664f197, dataSourceName -> 1hgevi99qy85d2c27gao1|6664f197 ]] of Hibernate SessionFactory for HibernateTransactionManager 
2017-09-13 21:08:15 [org.springframework.web.context.ContextLoader]-[INFO] [localhost-startStop-1] (ContextLoader.java:347) ->Root WebApplicationContext: initialization completed in 6178 ms 
2017-09-13 21:08:15 [com.opensymphony.xwork2.config.providers.XmlConfigurationProvider]-[INFO] [localhost-startStop-1] (CommonsLogger.java:46) ->Parsing configuration file [struts-default.xml] 
2017-09-13 21:08:15 [com.opensymphony.xwork2.config.providers.XmlConfigurationProvider]-[INFO] [localhost-startStop-1] (CommonsLogger.java:46) ->Parsing configuration file [struts-plugin.xml] 
2017-09-13 21:08:15 [com.opensymphony.xwork2.config.providers.XmlConfigurationProvider]-[INFO] [localhost-startStop-1] (CommonsLogger.java:46) ->Parsing configuration file [struts.xml] 
2017-09-13 21:08:15 [org.apache.struts2.config.AbstractBeanSelectionProvider]-[INFO] [localhost-startStop-1] (CommonsLogger.java:46) ->Choosing bean (spring) for (com.opensymphony.xwork2.ObjectFactory) 
2017-09-13 21:08:15 [org.apache.struts2.config.AbstractBeanSelectionProvider]-[INFO] [localhost-startStop-1] (CommonsLogger.java:46) ->Choosing bean (struts) for (com.opensymphony.xwork2.factory.ActionFactory) 
2017-09-13 21:08:15 [org.apache.struts2.config.AbstractBeanSelectionProvider]-[INFO] [localhost-startStop-1] (CommonsLogger.java:46) ->Choosing bean (struts) for (com.opensymphony.xwork2.factory.ResultFactory) 
2017-09-13 21:08:15 [org.apache.struts2.config.AbstractBeanSelectionProvider]-[INFO] [localhost-startStop-1] (CommonsLogger.java:46) ->Choosing bean (struts) for (com.opensymphony.xwork2.factory.ConverterFactory) 
2017-09-13 21:08:15 [org.apache.struts2.config.AbstractBeanSelectionProvider]-[INFO] [localhost-startStop-1] (CommonsLogger.java:46) ->Choosing bean (struts) for (com.opensymphony.xwork2.factory.InterceptorFactory) 
2017-09-13 21:08:15 [org.apache.struts2.config.AbstractBeanSelectionProvider]-[INFO] [localhost-startStop-1] (CommonsLogger.java:46) ->Choosing bean (struts) for (com.opensymphony.xwork2.factory.ValidatorFactory) 
2017-09-13 21:08:15 [org.apache.struts2.config.AbstractBeanSelectionProvider]-[INFO] [localhost-startStop-1] (CommonsLogger.java:46) ->Choosing bean (struts) for (com.opensymphony.xwork2.factory.UnknownHandlerFactory) 
2017-09-13 21:08:15 [org.apache.struts2.config.AbstractBeanSelectionProvider]-[INFO] [localhost-startStop-1] (CommonsLogger.java:46) ->Choosing bean (struts) for (com.opensymphony.xwork2.FileManagerFactory) 
2017-09-13 21:08:15 [org.apache.struts2.config.AbstractBeanSelectionProvider]-[INFO] [localhost-startStop-1] (CommonsLogger.java:46) ->Choosing bean (struts) for (com.opensymphony.xwork2.conversion.impl.XWorkConverter) 
2017-09-13 21:08:15 [org.apache.struts2.config.AbstractBeanSelectionProvider]-[INFO] [localhost-startStop-1] (CommonsLogger.java:46) ->Choosing bean (struts) for (com.opensymphony.xwork2.conversion.impl.CollectionConverter) 
2017-09-13 21:08:15 [org.apache.struts2.config.AbstractBeanSelectionProvider]-[INFO] [localhost-startStop-1] (CommonsLogger.java:46) ->Choosing bean (struts) for (com.opensymphony.xwork2.conversion.impl.ArrayConverter) 
2017-09-13 21:08:15 [org.apache.struts2.config.AbstractBeanSelectionProvider]-[INFO] [localhost-startStop-1] (CommonsLogger.java:46) ->Choosing bean (struts) for (com.opensymphony.xwork2.conversion.impl.DateConverter) 
2017-09-13 21:08:15 [org.apache.struts2.config.AbstractBeanSelectionProvider]-[INFO] [localhost-startStop-1] (CommonsLogger.java:46) ->Choosing bean (struts) for (com.opensymphony.xwork2.conversion.impl.NumberConverter) 
2017-09-13 21:08:15 [org.apache.struts2.config.AbstractBeanSelectionProvider]-[INFO] [localhost-startStop-1] (CommonsLogger.java:46) ->Choosing bean (struts) for (com.opensymphony.xwork2.conversion.impl.StringConverter) 
2017-09-13 21:08:15 [org.apache.struts2.config.AbstractBeanSelectionProvider]-[INFO] [localhost-startStop-1] (CommonsLogger.java:46) ->Choosing bean (struts) for (com.opensymphony.xwork2.conversion.ConversionPropertiesProcessor) 
2017-09-13 21:08:15 [org.apache.struts2.config.AbstractBeanSelectionProvider]-[INFO] [localhost-startStop-1] (CommonsLogger.java:46) ->Choosing bean (struts) for (com.opensymphony.xwork2.conversion.ConversionFileProcessor) 
2017-09-13 21:08:15 [org.apache.struts2.config.AbstractBeanSelectionProvider]-[INFO] [localhost-startStop-1] (CommonsLogger.java:46) ->Choosing bean (struts) for (com.opensymphony.xwork2.conversion.ConversionAnnotationProcessor) 
2017-09-13 21:08:15 [org.apache.struts2.config.AbstractBeanSelectionProvider]-[INFO] [localhost-startStop-1] (CommonsLogger.java:46) ->Choosing bean (struts) for (com.opensymphony.xwork2.conversion.TypeConverterCreator) 
2017-09-13 21:08:15 [org.apache.struts2.config.AbstractBeanSelectionProvider]-[INFO] [localhost-startStop-1] (CommonsLogger.java:46) ->Choosing bean (struts) for (com.opensymphony.xwork2.conversion.TypeConverterHolder) 
2017-09-13 21:08:15 [org.apache.struts2.config.AbstractBeanSelectionProvider]-[INFO] [localhost-startStop-1] (CommonsLogger.java:46) ->Choosing bean (struts) for (com.opensymphony.xwork2.TextProvider) 
2017-09-13 21:08:15 [org.apache.struts2.config.AbstractBeanSelectionProvider]-[INFO] [localhost-startStop-1] (CommonsLogger.java:46) ->Choosing bean (struts) for (com.opensymphony.xwork2.LocaleProvider) 
2017-09-13 21:08:15 [org.apache.struts2.config.AbstractBeanSelectionProvider]-[INFO] [localhost-startStop-1] (CommonsLogger.java:46) ->Choosing bean (struts) for (com.opensymphony.xwork2.ActionProxyFactory) 
2017-09-13 21:08:15 [org.apache.struts2.config.AbstractBeanSelectionProvider]-[INFO] [localhost-startStop-1] (CommonsLogger.java:46) ->Choosing bean (struts) for (com.opensymphony.xwork2.conversion.ObjectTypeDeterminer) 
2017-09-13 21:08:15 [org.apache.struts2.config.AbstractBeanSelectionProvider]-[INFO] [localhost-startStop-1] (CommonsLogger.java:46) ->Choosing bean (struts) for (org.apache.struts2.dispatcher.mapper.ActionMapper) 
2017-09-13 21:08:15 [org.apache.struts2.config.AbstractBeanSelectionProvider]-[INFO] [localhost-startStop-1] (CommonsLogger.java:46) ->Choosing bean (jakarta) for (org.apache.struts2.dispatcher.multipart.MultiPartRequest) 
2017-09-13 21:08:15 [org.apache.struts2.config.AbstractBeanSelectionProvider]-[INFO] [localhost-startStop-1] (CommonsLogger.java:46) ->Choosing bean (struts) for (org.apache.struts2.views.freemarker.FreemarkerManager) 
2017-09-13 21:08:15 [org.apache.struts2.config.AbstractBeanSelectionProvider]-[INFO] [localhost-startStop-1] (CommonsLogger.java:46) ->Choosing bean (struts) for (org.apache.struts2.components.UrlRenderer) 
2017-09-13 21:08:15 [org.apache.struts2.config.AbstractBeanSelectionProvider]-[INFO] [localhost-startStop-1] (CommonsLogger.java:46) ->Choosing bean (struts) for (com.opensymphony.xwork2.validator.ActionValidatorManager) 
2017-09-13 21:08:15 [org.apache.struts2.config.AbstractBeanSelectionProvider]-[INFO] [localhost-startStop-1] (CommonsLogger.java:46) ->Choosing bean (struts) for (com.opensymphony.xwork2.util.ValueStackFactory) 
2017-09-13 21:08:15 [org.apache.struts2.config.AbstractBeanSelectionProvider]-[INFO] [localhost-startStop-1] (CommonsLogger.java:46) ->Choosing bean (struts) for (com.opensymphony.xwork2.util.reflection.ReflectionProvider) 
2017-09-13 21:08:15 [org.apache.struts2.config.AbstractBeanSelectionProvider]-[INFO] [localhost-startStop-1] (CommonsLogger.java:46) ->Choosing bean (struts) for (com.opensymphony.xwork2.util.reflection.ReflectionContextFactory) 
2017-09-13 21:08:15 [org.apache.struts2.config.AbstractBeanSelectionProvider]-[INFO] [localhost-startStop-1] (CommonsLogger.java:46) ->Choosing bean (struts) for (com.opensymphony.xwork2.util.PatternMatcher) 
2017-09-13 21:08:15 [org.apache.struts2.config.AbstractBeanSelectionProvider]-[INFO] [localhost-startStop-1] (CommonsLogger.java:46) ->Choosing bean (struts) for (org.apache.struts2.util.ContentTypeMatcher) 
2017-09-13 21:08:15 [org.apache.struts2.config.AbstractBeanSelectionProvider]-[INFO] [localhost-startStop-1] (CommonsLogger.java:46) ->Choosing bean (struts) for (org.apache.struts2.dispatcher.StaticContentLoader) 
2017-09-13 21:08:15 [org.apache.struts2.config.AbstractBeanSelectionProvider]-[INFO] [localhost-startStop-1] (CommonsLogger.java:46) ->Choosing bean (struts) for (com.opensymphony.xwork2.UnknownHandlerManager) 
2017-09-13 21:08:15 [org.apache.struts2.config.AbstractBeanSelectionProvider]-[INFO] [localhost-startStop-1] (CommonsLogger.java:46) ->Choosing bean (struts) for (org.apache.struts2.views.util.UrlHelper) 
2017-09-13 21:08:15 [org.apache.struts2.config.AbstractBeanSelectionProvider]-[INFO] [localhost-startStop-1] (CommonsLogger.java:46) ->Choosing bean (struts) for (com.opensymphony.xwork2.util.TextParser) 
2017-09-13 21:08:15 [org.apache.struts2.config.AbstractBeanSelectionProvider]-[INFO] [localhost-startStop-1] (CommonsLogger.java:46) ->Choosing bean (struts) for (org.apache.struts2.dispatcher.DispatcherErrorHandler) 
2017-09-13 21:08:15 [org.apache.struts2.config.AbstractBeanSelectionProvider]-[INFO] [localhost-startStop-1] (CommonsLogger.java:46) ->Choosing bean (struts) for (com.opensymphony.xwork2.security.ExcludedPatternsChecker) 
2017-09-13 21:08:15 [org.apache.struts2.config.AbstractBeanSelectionProvider]-[INFO] [localhost-startStop-1] (CommonsLogger.java:46) ->Choosing bean (struts) for (com.opensymphony.xwork2.security.AcceptedPatternsChecker) 
2017-09-13 21:08:15 [org.apache.struts2.spring.StrutsSpringObjectFactory]-[INFO] [localhost-startStop-1] (CommonsLogger.java:46) ->Initializing Struts-Spring integration... 
2017-09-13 21:08:15 [com.opensymphony.xwork2.spring.SpringObjectFactory]-[INFO] [localhost-startStop-1] (CommonsLogger.java:46) ->Setting autowire strategy to name 
2017-09-13 21:08:15 [org.apache.struts2.spring.StrutsSpringObjectFactory]-[INFO] [localhost-startStop-1] (CommonsLogger.java:46) ->... initialized Struts-Spring integration successfully 
2017-09-14 09:45:59 [org.springframework.web.context.ContextLoader]-[INFO] [localhost-startStop-1] (ContextLoader.java:307) ->Root WebApplicationContext: initialization started 
2017-09-14 09:45:59 [org.springframework.web.context.support.XmlWebApplicationContext]-[INFO] [localhost-startStop-1] (AbstractApplicationContext.java:578) ->Refreshing Root WebApplicationContext: startup date [Thu Sep 14 09:45:59 CST 2017]; root of context hierarchy 
2017-09-14 09:45:59 [org.springframework.beans.factory.xml.XmlBeanDefinitionReader]-[INFO] [localhost-startStop-1] (XmlBeanDefinitionReader.java:317) ->Loading XML bean definitions from class path resource [beans.xml] 
2017-09-14 09:46:01 [org.springframework.beans.factory.config.PropertiesFactoryBean]-[INFO] [localhost-startStop-1] (PropertiesLoaderSupport.java:172) ->Loading properties file from class path resource [MySQL.properties] 
2017-09-14 09:46:01 [com.mchange.v2.log.MLog]-[INFO] [MLog-Init-Reporter] (MLog.java:124) ->MLog clients using log4j logging. 
2017-09-14 09:46:02 [com.mchange.v2.c3p0.C3P0Registry]-[INFO] [localhost-startStop-1] (C3P0Registry.java:248) ->Initializing c3p0-0.9.5.1 [built 16-June-2015 00:06:36 -0700; debug? true; trace: 10] 
2017-09-14 09:46:02 [org.springframework.beans.factory.config.PropertiesFactoryBean]-[INFO] [localhost-startStop-1] (PropertiesLoaderSupport.java:172) ->Loading properties file from class path resource [public.properties] 
2017-09-14 09:46:03 [org.hibernate.annotations.common.Version]-[INFO] [localhost-startStop-1] (JavaReflectionManager.java:66) ->HCANN000001: Hibernate Commons Annotations {4.0.5.Final} 
2017-09-14 09:46:03 [org.hibernate.Version]-[INFO] [localhost-startStop-1] (Version.java:54) ->HHH000412: Hibernate Core {4.3.11.Final} 
2017-09-14 09:46:03 [org.hibernate.cfg.Environment]-[INFO] [localhost-startStop-1] (Environment.java:239) ->HHH000206: hibernate.properties not found 
2017-09-14 09:46:03 [org.hibernate.cfg.Environment]-[INFO] [localhost-startStop-1] (Environment.java:346) ->HHH000021: Bytecode provider name : javassist 
2017-09-14 09:46:03 [org.hibernate.cfg.Configuration]-[INFO] [localhost-startStop-1] (Configuration.java:2111) ->HHH000044: Configuring from URL: file:/F:/apache-tomcat-7.0.77/webapps/channel/WEB-INF/classes/hibernate.cfg.xml 
2017-09-14 09:46:03 [org.hibernate.cfg.Configuration]-[INFO] [localhost-startStop-1] (Configuration.java:2216) ->HHH000041: Configured SessionFactory: null 
2017-09-14 09:46:04 [com.mchange.v2.c3p0.impl.AbstractPoolBackedDataSource]-[INFO] [localhost-startStop-1] (AbstractPoolBackedDataSource.java:527) ->Initializing c3p0 pool... com.mchange.v2.c3p0.ComboPooledDataSource [ acquireIncrement -> 3, acquireRetryAttempts -> 30, acquireRetryDelay -> 1000, autoCommitOnClose -> false, automaticTestTable -> null, breakAfterAcquireFailure -> false, checkoutTimeout -> 0, connectionCustomizerClassName -> null, connectionTesterClassName -> com.mchange.v2.c3p0.impl.DefaultConnectionTester, contextClassLoaderSource -> caller, dataSourceName -> 1hgevi99qyz7yx61frigua|37a8be10, debugUnreturnedConnectionStackTraces -> false, description -> null, driverClass -> com.mysql.jdbc.Driver, extensions -> {}, factoryClassLocation -> null, forceIgnoreUnresolvedTransactions -> false, forceSynchronousCheckins -> false, forceUseNamedDriverClass -> false, identityToken -> 1hgevi99qyz7yx61frigua|37a8be10, idleConnectionTestPeriod -> 0, initialPoolSize -> 3, jdbcUrl -> jdbc:mysql://localhost:3306/access, maxAdministrativeTaskTime -> 0, maxConnectionAge -> 0, maxIdleTime -> 0, maxIdleTimeExcessConnections -> 0, maxPoolSize -> 15, maxStatements -> 0, maxStatementsPerConnection -> 0, minPoolSize -> 3, numHelperThreads -> 3, preferredTestQuery -> null, privilegeSpawnedThreads -> false, properties -> {user=******, password=******}, propertyCycle -> 0, statementCacheNumDeferredCloseThreads -> 0, testConnectionOnCheckin -> false, testConnectionOnCheckout -> false, unreturnedConnectionTimeout -> 0, userOverrides -> {}, usesTraditionalReflectiveProxies -> false ] 
2017-09-14 09:46:04 [org.hibernate.dialect.Dialect]-[INFO] [localhost-startStop-1] (Dialect.java:145) ->HHH000400: Using dialect: org.hibernate.dialect.MySQLDialect 
2017-09-14 09:46:05 [org.hibernate.engine.transaction.internal.TransactionFactoryInitiator]-[INFO] [localhost-startStop-1] (TransactionFactoryInitiator.java:62) ->HHH000399: Using default transaction strategy (direct JDBC transactions) 
2017-09-14 09:46:05 [org.hibernate.hql.internal.ast.ASTQueryTranslatorFactory]-[INFO] [localhost-startStop-1] (ASTQueryTranslatorFactory.java:47) ->HHH000397: Using ASTQueryTranslatorFactory 
2017-09-14 09:46:06 [org.springframework.orm.hibernate4.HibernateTransactionManager]-[INFO] [localhost-startStop-1] (HibernateTransactionManager.java:360) ->Using DataSource [com.mchange.v2.c3p0.ComboPooledDataSource[ identityToken -> 1hgevi99qyz7yx61frigua|37a8be10, dataSourceName -> 1hgevi99qyz7yx61frigua|37a8be10 ]] of Hibernate SessionFactory for HibernateTransactionManager 
2017-09-14 09:46:09 [org.springframework.web.context.ContextLoader]-[INFO] [localhost-startStop-1] (ContextLoader.java:347) ->Root WebApplicationContext: initialization completed in 9961 ms 
2017-09-14 09:46:10 [com.opensymphony.xwork2.config.providers.XmlConfigurationProvider]-[INFO] [localhost-startStop-1] (CommonsLogger.java:46) ->Parsing configuration file [struts-default.xml] 
2017-09-14 09:46:11 [com.opensymphony.xwork2.config.providers.XmlConfigurationProvider]-[INFO] [localhost-startStop-1] (CommonsLogger.java:46) ->Parsing configuration file [struts-plugin.xml] 
2017-09-14 09:46:11 [com.opensymphony.xwork2.config.providers.XmlConfigurationProvider]-[INFO] [localhost-startStop-1] (CommonsLogger.java:46) ->Parsing configuration file [struts.xml] 
2017-09-14 09:46:11 [org.apache.struts2.config.AbstractBeanSelectionProvider]-[INFO] [localhost-startStop-1] (CommonsLogger.java:46) ->Choosing bean (spring) for (com.opensymphony.xwork2.ObjectFactory) 
2017-09-14 09:46:11 [org.apache.struts2.config.AbstractBeanSelectionProvider]-[INFO] [localhost-startStop-1] (CommonsLogger.java:46) ->Choosing bean (struts) for (com.opensymphony.xwork2.factory.ActionFactory) 
2017-09-14 09:46:11 [org.apache.struts2.config.AbstractBeanSelectionProvider]-[INFO] [localhost-startStop-1] (CommonsLogger.java:46) ->Choosing bean (struts) for (com.opensymphony.xwork2.factory.ResultFactory) 
2017-09-14 09:46:11 [org.apache.struts2.config.AbstractBeanSelectionProvider]-[INFO] [localhost-startStop-1] (CommonsLogger.java:46) ->Choosing bean (struts) for (com.opensymphony.xwork2.factory.ConverterFactory) 
2017-09-14 09:46:11 [org.apache.struts2.config.AbstractBeanSelectionProvider]-[INFO] [localhost-startStop-1] (CommonsLogger.java:46) ->Choosing bean (struts) for (com.opensymphony.xwork2.factory.InterceptorFactory) 
2017-09-14 09:46:11 [org.apache.struts2.config.AbstractBeanSelectionProvider]-[INFO] [localhost-startStop-1] (CommonsLogger.java:46) ->Choosing bean (struts) for (com.opensymphony.xwork2.factory.ValidatorFactory) 
2017-09-14 09:46:11 [org.apache.struts2.config.AbstractBeanSelectionProvider]-[INFO] [localhost-startStop-1] (CommonsLogger.java:46) ->Choosing bean (struts) for (com.opensymphony.xwork2.factory.UnknownHandlerFactory) 
2017-09-14 09:46:11 [org.apache.struts2.config.AbstractBeanSelectionProvider]-[INFO] [localhost-startStop-1] (CommonsLogger.java:46) ->Choosing bean (struts) for (com.opensymphony.xwork2.FileManagerFactory) 
2017-09-14 09:46:11 [org.apache.struts2.config.AbstractBeanSelectionProvider]-[INFO] [localhost-startStop-1] (CommonsLogger.java:46) ->Choosing bean (struts) for (com.opensymphony.xwork2.conversion.impl.XWorkConverter) 
2017-09-14 09:46:11 [org.apache.struts2.config.AbstractBeanSelectionProvider]-[INFO] [localhost-startStop-1] (CommonsLogger.java:46) ->Choosing bean (struts) for (com.opensymphony.xwork2.conversion.impl.CollectionConverter) 
2017-09-14 09:46:11 [org.apache.struts2.config.AbstractBeanSelectionProvider]-[INFO] [localhost-startStop-1] (CommonsLogger.java:46) ->Choosing bean (struts) for (com.opensymphony.xwork2.conversion.impl.ArrayConverter) 
2017-09-14 09:46:11 [org.apache.struts2.config.AbstractBeanSelectionProvider]-[INFO] [localhost-startStop-1] (CommonsLogger.java:46) ->Choosing bean (struts) for (com.opensymphony.xwork2.conversion.impl.DateConverter) 
2017-09-14 09:46:11 [org.apache.struts2.config.AbstractBeanSelectionProvider]-[INFO] [localhost-startStop-1] (CommonsLogger.java:46) ->Choosing bean (struts) for (com.opensymphony.xwork2.conversion.impl.NumberConverter) 
2017-09-14 09:46:11 [org.apache.struts2.config.AbstractBeanSelectionProvider]-[INFO] [localhost-startStop-1] (CommonsLogger.java:46) ->Choosing bean (struts) for (com.opensymphony.xwork2.conversion.impl.StringConverter) 
2017-09-14 09:46:11 [org.apache.struts2.config.AbstractBeanSelectionProvider]-[INFO] [localhost-startStop-1] (CommonsLogger.java:46) ->Choosing bean (struts) for (com.opensymphony.xwork2.conversion.ConversionPropertiesProcessor) 
2017-09-14 09:46:11 [org.apache.struts2.config.AbstractBeanSelectionProvider]-[INFO] [localhost-startStop-1] (CommonsLogger.java:46) ->Choosing bean (struts) for (com.opensymphony.xwork2.conversion.ConversionFileProcessor) 
2017-09-14 09:46:11 [org.apache.struts2.config.AbstractBeanSelectionProvider]-[INFO] [localhost-startStop-1] (CommonsLogger.java:46) ->Choosing bean (struts) for (com.opensymphony.xwork2.conversion.ConversionAnnotationProcessor) 
2017-09-14 09:46:11 [org.apache.struts2.config.AbstractBeanSelectionProvider]-[INFO] [localhost-startStop-1] (CommonsLogger.java:46) ->Choosing bean (struts) for (com.opensymphony.xwork2.conversion.TypeConverterCreator) 
2017-09-14 09:46:11 [org.apache.struts2.config.AbstractBeanSelectionProvider]-[INFO] [localhost-startStop-1] (CommonsLogger.java:46) ->Choosing bean (struts) for (com.opensymphony.xwork2.conversion.TypeConverterHolder) 
2017-09-14 09:46:11 [org.apache.struts2.config.AbstractBeanSelectionProvider]-[INFO] [localhost-startStop-1] (CommonsLogger.java:46) ->Choosing bean (struts) for (com.opensymphony.xwork2.TextProvider) 
2017-09-14 09:46:11 [org.apache.struts2.config.AbstractBeanSelectionProvider]-[INFO] [localhost-startStop-1] (CommonsLogger.java:46) ->Choosing bean (struts) for (com.opensymphony.xwork2.LocaleProvider) 
2017-09-14 09:46:11 [org.apache.struts2.config.AbstractBeanSelectionProvider]-[INFO] [localhost-startStop-1] (CommonsLogger.java:46) ->Choosing bean (struts) for (com.opensymphony.xwork2.ActionProxyFactory) 
2017-09-14 09:46:11 [org.apache.struts2.config.AbstractBeanSelectionProvider]-[INFO] [localhost-startStop-1] (CommonsLogger.java:46) ->Choosing bean (struts) for (com.opensymphony.xwork2.conversion.ObjectTypeDeterminer) 
2017-09-14 09:46:11 [org.apache.struts2.config.AbstractBeanSelectionProvider]-[INFO] [localhost-startStop-1] (CommonsLogger.java:46) ->Choosing bean (struts) for (org.apache.struts2.dispatcher.mapper.ActionMapper) 
2017-09-14 09:46:11 [org.apache.struts2.config.AbstractBeanSelectionProvider]-[INFO] [localhost-startStop-1] (CommonsLogger.java:46) ->Choosing bean (jakarta) for (org.apache.struts2.dispatcher.multipart.MultiPartRequest) 
2017-09-14 09:46:11 [org.apache.struts2.config.AbstractBeanSelectionProvider]-[INFO] [localhost-startStop-1] (CommonsLogger.java:46) ->Choosing bean (struts) for (org.apache.struts2.views.freemarker.FreemarkerManager) 
2017-09-14 09:46:11 [org.apache.struts2.config.AbstractBeanSelectionProvider]-[INFO] [localhost-startStop-1] (CommonsLogger.java:46) ->Choosing bean (struts) for (org.apache.struts2.components.UrlRenderer) 
2017-09-14 09:46:11 [org.apache.struts2.config.AbstractBeanSelectionProvider]-[INFO] [localhost-startStop-1] (CommonsLogger.java:46) ->Choosing bean (struts) for (com.opensymphony.xwork2.validator.ActionValidatorManager) 
2017-09-14 09:46:11 [org.apache.struts2.config.AbstractBeanSelectionProvider]-[INFO] [localhost-startStop-1] (CommonsLogger.java:46) ->Choosing bean (struts) for (com.opensymphony.xwork2.util.ValueStackFactory) 
2017-09-14 09:46:11 [org.apache.struts2.config.AbstractBeanSelectionProvider]-[INFO] [localhost-startStop-1] (CommonsLogger.java:46) ->Choosing bean (struts) for (com.opensymphony.xwork2.util.reflection.ReflectionProvider) 
2017-09-14 09:46:11 [org.apache.struts2.config.AbstractBeanSelectionProvider]-[INFO] [localhost-startStop-1] (CommonsLogger.java:46) ->Choosing bean (struts) for (com.opensymphony.xwork2.util.reflection.ReflectionContextFactory) 
2017-09-14 09:46:11 [org.apache.struts2.config.AbstractBeanSelectionProvider]-[INFO] [localhost-startStop-1] (CommonsLogger.java:46) ->Choosing bean (struts) for (com.opensymphony.xwork2.util.PatternMatcher) 
2017-09-14 09:46:11 [org.apache.struts2.config.AbstractBeanSelectionProvider]-[INFO] [localhost-startStop-1] (CommonsLogger.java:46) ->Choosing bean (struts) for (org.apache.struts2.util.ContentTypeMatcher) 
2017-09-14 09:46:11 [org.apache.struts2.config.AbstractBeanSelectionProvider]-[INFO] [localhost-startStop-1] (CommonsLogger.java:46) ->Choosing bean (struts) for (org.apache.struts2.dispatcher.StaticContentLoader) 
2017-09-14 09:46:11 [org.apache.struts2.config.AbstractBeanSelectionProvider]-[INFO] [localhost-startStop-1] (CommonsLogger.java:46) ->Choosing bean (struts) for (com.opensymphony.xwork2.UnknownHandlerManager) 
2017-09-14 09:46:11 [org.apache.struts2.config.AbstractBeanSelectionProvider]-[INFO] [localhost-startStop-1] (CommonsLogger.java:46) ->Choosing bean (struts) for (org.apache.struts2.views.util.UrlHelper) 
2017-09-14 09:46:11 [org.apache.struts2.config.AbstractBeanSelectionProvider]-[INFO] [localhost-startStop-1] (CommonsLogger.java:46) ->Choosing bean (struts) for (com.opensymphony.xwork2.util.TextParser) 
2017-09-14 09:46:11 [org.apache.struts2.config.AbstractBeanSelectionProvider]-[INFO] [localhost-startStop-1] (CommonsLogger.java:46) ->Choosing bean (struts) for (org.apache.struts2.dispatcher.DispatcherErrorHandler) 
2017-09-14 09:46:11 [org.apache.struts2.config.AbstractBeanSelectionProvider]-[INFO] [localhost-startStop-1] (CommonsLogger.java:46) ->Choosing bean (struts) for (com.opensymphony.xwork2.security.ExcludedPatternsChecker) 
2017-09-14 09:46:11 [org.apache.struts2.config.AbstractBeanSelectionProvider]-[INFO] [localhost-startStop-1] (CommonsLogger.java:46) ->Choosing bean (struts) for (com.opensymphony.xwork2.security.AcceptedPatternsChecker) 
2017-09-14 09:46:11 [org.apache.struts2.spring.StrutsSpringObjectFactory]-[INFO] [localhost-startStop-1] (CommonsLogger.java:46) ->Initializing Struts-Spring integration... 
2017-09-14 09:46:11 [com.opensymphony.xwork2.spring.SpringObjectFactory]-[INFO] [localhost-startStop-1] (CommonsLogger.java:46) ->Setting autowire strategy to name 
2017-09-14 09:46:11 [org.apache.struts2.spring.StrutsSpringObjectFactory]-[INFO] [localhost-startStop-1] (CommonsLogger.java:46) ->... initialized Struts-Spring integration successfully 
2017-09-14 12:08:46 [org.apache.struts2.dispatcher.DefaultDispatcherErrorHandler]-[ERROR] [http-apr-80-exec-3] (CommonsLogger.java:42) ->Exception occurred during processing request: null 
java.lang.NullPointerException
	at com.wph.service.impl.CompanyMonitorServiceImpl.getCompanyMonitor(CompanyMonitorServiceImpl.java:66)
	at sun.reflect.NativeMethodAccessorImpl.invoke0(Native Method)
	at sun.reflect.NativeMethodAccessorImpl.invoke(NativeMethodAccessorImpl.java:62)
	at sun.reflect.DelegatingMethodAccessorImpl.invoke(DelegatingMethodAccessorImpl.java:43)
	at java.lang.reflect.Method.invoke(Method.java:497)
	at org.springframework.aop.support.AopUtils.invokeJoinpointUsingReflection(AopUtils.java:302)
	at org.springframework.aop.framework.ReflectiveMethodInvocation.invokeJoinpoint(ReflectiveMethodInvocation.java:190)
	at org.springframework.aop.framework.ReflectiveMethodInvocation.proceed(ReflectiveMethodInvocation.java:157)
	at org.springframework.transaction.interceptor.TransactionInterceptor$1.proceedWithInvocation(TransactionInterceptor.java:99)
	at org.springframework.transaction.interceptor.TransactionAspectSupport.invokeWithinTransaction(TransactionAspectSupport.java:281)
	at org.springframework.transaction.interceptor.TransactionInterceptor.invoke(TransactionInterceptor.java:96)
	at org.springframework.aop.framework.ReflectiveMethodInvocation.proceed(ReflectiveMethodInvocation.java:179)
	at org.springframework.aop.interceptor.ExposeInvocationInterceptor.invoke(ExposeInvocationInterceptor.java:92)
	at org.springframework.aop.framework.ReflectiveMethodInvocation.proceed(ReflectiveMethodInvocation.java:179)
	at org.springframework.aop.framework.JdkDynamicAopProxy.invoke(JdkDynamicAopProxy.java:208)
	at com.sun.proxy.$Proxy50.getCompanyMonitor(Unknown Source)
	at com.wph.action.MonitorAction.getCompanyMonitor(MonitorAction.java:24)
	at sun.reflect.NativeMethodAccessorImpl.invoke0(Native Method)
	at sun.reflect.NativeMethodAccessorImpl.invoke(NativeMethodAccessorImpl.java:62)
	at sun.reflect.DelegatingMethodAccessorImpl.invoke(DelegatingMethodAccessorImpl.java:43)
	at java.lang.reflect.Method.invoke(Method.java:497)
	at ognl.OgnlRuntime.invokeMethod(OgnlRuntime.java:870)
	at ognl.OgnlRuntime.callAppropriateMethod(OgnlRuntime.java:1293)
	at ognl.ObjectMethodAccessor.callMethod(ObjectMethodAccessor.java:68)
	at com.opensymphony.xwork2.ognl.accessor.XWorkMethodAccessor.callMethodWithDebugInfo(XWorkMethodAccessor.java:117)
	at com.opensymphony.xwork2.ognl.accessor.XWorkMethodAccessor.callMethod(XWorkMethodAccessor.java:108)
	at ognl.OgnlRuntime.callMethod(OgnlRuntime.java:1369)
	at ognl.ASTMethod.getValueBody(ASTMethod.java:90)
	at ognl.SimpleNode.evaluateGetValueBody(SimpleNode.java:212)
	at ognl.SimpleNode.getValue(SimpleNode.java:258)
	at ognl.Ognl.getValue(Ognl.java:494)
	at ognl.Ognl.getValue(Ognl.java:458)
	at com.opensymphony.xwork2.ognl.OgnlUtil$2.execute(OgnlUtil.java:309)
	at com.opensymphony.xwork2.ognl.OgnlUtil.compileAndExecute(OgnlUtil.java:340)
	at com.opensymphony.xwork2.ognl.OgnlUtil.getValue(OgnlUtil.java:307)
	at com.opensymphony.xwork2.DefaultActionInvocation.invokeAction(DefaultActionInvocation.java:423)
	at com.opensymphony.xwork2.DefaultActionInvocation.invokeActionOnly(DefaultActionInvocation.java:287)
	at com.opensymphony.xwork2.DefaultActionInvocation.invoke(DefaultActionInvocation.java:250)
	at org.apache.struts2.interceptor.DeprecationInterceptor.intercept(DeprecationInterceptor.java:41)
	at com.opensymphony.xwork2.DefaultActionInvocation.invoke(DefaultActionInvocation.java:244)
	at org.apache.struts2.interceptor.debugging.DebuggingInterceptor.intercept(DebuggingInterceptor.java:256)
	at com.opensymphony.xwork2.DefaultActionInvocation.invoke(DefaultActionInvocation.java:244)
	at com.opensymphony.xwork2.interceptor.DefaultWorkflowInterceptor.doIntercept(DefaultWorkflowInterceptor.java:167)
	at com.opensymphony.xwork2.interceptor.MethodFilterInterceptor.intercept(MethodFilterInterceptor.java:98)
	at com.opensymphony.xwork2.DefaultActionInvocation.invoke(DefaultActionInvocation.java:244)
	at com.opensymphony.xwork2.validator.ValidationInterceptor.doIntercept(ValidationInterceptor.java:265)
	at org.apache.struts2.interceptor.validation.AnnotationValidationInterceptor.doIntercept(AnnotationValidationInterceptor.java:76)
	at com.opensymphony.xwork2.interceptor.MethodFilterInterceptor.intercept(MethodFilterInterceptor.java:98)
	at com.opensymphony.xwork2.DefaultActionInvocation.invoke(DefaultActionInvocation.java:244)
	at com.opensymphony.xwork2.interceptor.ConversionErrorInterceptor.intercept(ConversionErrorInterceptor.java:138)
	at com.opensymphony.xwork2.DefaultActionInvocation.invoke(DefaultActionInvocation.java:244)
	at com.opensymphony.xwork2.interceptor.ParametersInterceptor.doIntercept(ParametersInterceptor.java:229)
	at com.opensymphony.xwork2.interceptor.MethodFilterInterceptor.intercept(MethodFilterInterceptor.java:98)
	at com.opensymphony.xwork2.DefaultActionInvocation.invoke(DefaultActionInvocation.java:244)
	at com.opensymphony.xwork2.interceptor.ParametersInterceptor.doIntercept(ParametersInterceptor.java:229)
	at com.opensymphony.xwork2.interceptor.MethodFilterInterceptor.intercept(MethodFilterInterceptor.java:98)
	at com.opensymphony.xwork2.DefaultActionInvocation.invoke(DefaultActionInvocation.java:244)
	at com.opensymphony.xwork2.interceptor.StaticParametersInterceptor.intercept(StaticParametersInterceptor.java:191)
	at com.opensymphony.xwork2.DefaultActionInvocation.invoke(DefaultActionInvocation.java:244)
	at org.apache.struts2.interceptor.MultiselectInterceptor.intercept(MultiselectInterceptor.java:73)
	at com.opensymphony.xwork2.DefaultActionInvocation.invoke(DefaultActionInvocation.java:244)
	at org.apache.struts2.interceptor.DateTextFieldInterceptor.intercept(DateTextFieldInterceptor.java:125)
	at com.opensymphony.xwork2.DefaultActionInvocation.invoke(DefaultActionInvocation.java:244)
	at org.apache.struts2.interceptor.CheckboxInterceptor.intercept(CheckboxInterceptor.java:91)
	at com.opensymphony.xwork2.DefaultActionInvocation.invoke(DefaultActionInvocation.java:244)
	at org.apache.struts2.interceptor.FileUploadInterceptor.intercept(FileUploadInterceptor.java:253)
	at com.opensymphony.xwork2.DefaultActionInvocation.invoke(DefaultActionInvocation.java:244)
	at com.opensymphony.xwork2.interceptor.ModelDrivenInterceptor.intercept(ModelDrivenInterceptor.java:100)
	at com.opensymphony.xwork2.DefaultActionInvocation.invoke(DefaultActionInvocation.java:244)
	at com.opensymphony.xwork2.interceptor.ScopedModelDrivenInterceptor.intercept(ScopedModelDrivenInterceptor.java:141)
	at com.opensymphony.xwork2.DefaultActionInvocation.invoke(DefaultActionInvocation.java:244)
	at com.opensymphony.xwork2.interceptor.ChainingInterceptor.intercept(ChainingInterceptor.java:145)
	at com.opensymphony.xwork2.DefaultActionInvocation.invoke(DefaultActionInvocation.java:244)
	at com.opensymphony.xwork2.interceptor.PrepareInterceptor.doIntercept(PrepareInterceptor.java:171)
	at com.opensymphony.xwork2.interceptor.MethodFilterInterceptor.intercept(MethodFilterInterceptor.java:98)
	at com.opensymphony.xwork2.DefaultActionInvocation.invoke(DefaultActionInvocation.java:244)
	at com.opensymphony.xwork2.interceptor.I18nInterceptor.intercept(I18nInterceptor.java:139)
	at com.opensymphony.xwork2.DefaultActionInvocation.invoke(DefaultActionInvocation.java:244)
	at org.apache.struts2.interceptor.ServletConfigInterceptor.intercept(ServletConfigInterceptor.java:164)
	at com.opensymphony.xwork2.DefaultActionInvocation.invoke(DefaultActionInvocation.java:244)
	at com.opensymphony.xwork2.interceptor.AliasInterceptor.intercept(AliasInterceptor.java:193)
	at com.opensymphony.xwork2.DefaultActionInvocation.invoke(DefaultActionInvocation.java:244)
	at com.opensymphony.xwork2.interceptor.ExceptionMappingInterceptor.intercept(ExceptionMappingInterceptor.java:189)
	at com.opensymphony.xwork2.DefaultActionInvocation.invoke(DefaultActionInvocation.java:244)
	at org.apache.struts2.impl.StrutsActionProxy.execute(StrutsActionProxy.java:54)
	at org.apache.struts2.dispatcher.Dispatcher.serviceAction(Dispatcher.java:564)
	at org.apache.struts2.dispatcher.ng.ExecuteOperations.executeAction(ExecuteOperations.java:81)
	at org.apache.struts2.dispatcher.ng.filter.StrutsPrepareAndExecuteFilter.doFilter(StrutsPrepareAndExecuteFilter.java:99)
	at org.apache.catalina.core.ApplicationFilterChain.internalDoFilter(ApplicationFilterChain.java:241)
	at org.apache.catalina.core.ApplicationFilterChain.doFilter(ApplicationFilterChain.java:208)
	at org.apache.catalina.core.StandardWrapperValve.invoke(StandardWrapperValve.java:218)
	at org.apache.catalina.core.StandardContextValve.invoke(StandardContextValve.java:110)
	at org.apache.catalina.authenticator.AuthenticatorBase.invoke(AuthenticatorBase.java:506)
	at org.apache.catalina.core.StandardHostValve.invoke(StandardHostValve.java:169)
	at org.apache.catalina.valves.ErrorReportValve.invoke(ErrorReportValve.java:103)
	at org.apache.catalina.valves.AccessLogValve.invoke(AccessLogValve.java:962)
	at org.apache.catalina.core.StandardEngineValve.invoke(StandardEngineValve.java:116)
	at org.apache.catalina.connector.CoyoteAdapter.service(CoyoteAdapter.java:445)
	at org.apache.coyote.http11.AbstractHttp11Processor.process(AbstractHttp11Processor.java:1115)
	at org.apache.coyote.AbstractProtocol$AbstractConnectionHandler.process(AbstractProtocol.java:637)
	at org.apache.tomcat.util.net.AprEndpoint$SocketProcessor.doRun(AprEndpoint.java:2549)
	at org.apache.tomcat.util.net.AprEndpoint$SocketProcessor.run(AprEndpoint.java:2538)
	at java.util.concurrent.ThreadPoolExecutor.runWorker(ThreadPoolExecutor.java:1142)
	at java.util.concurrent.ThreadPoolExecutor$Worker.run(ThreadPoolExecutor.java:617)
	at org.apache.tomcat.util.threads.TaskThread$WrappingRunnable.run(TaskThread.java:61)
	at java.lang.Thread.run(Thread.java:745)
